{"contracts/EnderBond.sol":{"l":{"179":99,"180":99,"181":99,"182":99,"183":99,"185":99,"186":99,"187":99,"188":99,"189":99,"190":99,"191":99,"192":99,"193":99,"194":99,"195":99,"196":99,"197":99,"198":99,"199":99,"201":99,"205":158,"206":158,"210":19,"211":19,"215":177,"216":177,"220":0,"221":0,"225":99,"226":99,"235":596,"237":596,"248":596,"252":0,"253":0,"254":0,"258":0,"259":0,"263":0,"264":0,"268":0,"269":0,"273":0,"275":0,"292":100,"293":100,"301":1,"302":1,"310":1,"311":1,"319":1,"320":1,"330":99,"331":99,"332":99,"333":99,"338":145,"340":145,"341":145,"342":145,"343":145,"344":145,"345":145,"346":145,"347":145,"348":145,"349":145,"350":145,"351":145,"352":145,"353":145,"354":145,"359":3,"360":3,"364":1,"365":1,"367":2,"368":2,"389":158,"390":158,"391":155,"392":152,"393":149,"394":144,"395":143,"396":37,"397":37,"401":146,"402":146,"403":146,"405":146,"406":0,"407":0,"410":0,"411":0,"416":146,"419":145,"420":145,"421":145,"424":145,"434":145,"437":145,"438":145,"439":145,"440":145,"441":145,"442":145,"444":145,"445":145,"446":145,"447":145,"448":145,"450":145,"475":19,"476":18,"485":19,"486":19,"487":19,"488":18,"489":18,"490":18,"492":18,"494":18,"496":18,"497":18,"498":18,"499":18,"500":18,"501":18,"506":35,"507":35,"508":35,"509":35,"510":35,"511":34,"512":34,"513":34,"514":34,"515":34,"516":34,"517":13,"518":13,"521":13,"522":13,"523":13,"526":34,"528":8,"529":8,"530":8,"531":8,"532":8,"535":34,"539":176,"540":176,"542":38,"545":1471,"546":27,"547":134,"548":134,"549":134,"550":134,"553":1471,"554":27,"555":134,"556":134,"561":38,"562":38,"563":38,"564":22,"567":16,"569":38,"574":6,"575":0,"577":6,"578":4,"579":4,"580":4,"589":22,"591":22,"592":15,"593":15,"595":15,"598":15,"599":13,"600":13,"602":2,"603":2,"604":7,"607":15,"608":15,"609":15,"611":22,"616":47,"618":47,"619":0,"621":47,"622":47,"624":1384,"627":47,"636":5,"637":5,"638":5,"639":5,"642":5,"643":4,"644":4,"646":1,"647":1,"648":1,"651":5,"652":5,"653":5,"658":47,"659":47,"660":0,"662":47,"663":47,"664":1390,"667":47,"672":0,"673":0,"674":0,"675":0,"677":0,"679":0,"681":0,"682":0,"683":0,"684":0,"686":0,"689":0,"691":0,"695":0,"696":0,"698":0,"700":0,"709":197,"710":166,"711":166,"712":166,"713":166,"716":166,"719":166,"720":133,"721":133,"723":33,"724":33,"725":1238,"729":166,"730":166,"731":166,"734":166,"752":145,"753":145,"756":145,"757":145,"767":9,"768":9,"769":9,"770":0,"772":0,"773":0,"776":9,"777":9,"779":9,"780":9,"783":9,"784":8,"787":0,"788":0,"789":0,"792":0,"798":0,"799":0,"801":0,"802":0,"806":0,"817":14,"818":14,"819":14,"820":14,"821":0,"822":0,"824":14,"825":14,"826":14,"827":14,"828":14,"829":14,"831":0,"832":0,"833":0,"836":0,"841":0,"842":0,"843":0,"846":0,"857":35,"858":35,"859":0,"861":35,"862":35,"863":26,"873":9,"874":9,"875":9,"878":0,"883":9,"884":9,"887":0,"893":0,"899":2,"900":2,"901":2,"902":2,"903":2,"909":0,"910":0,"913":0,"914":0,"915":0,"916":0,"917":0,"922":5,"923":5,"924":5,"928":0,"929":0,"933":37,"949":37,"950":37},"path":"/Users/demis/Documents/GitHub/ender-v1/contracts/EnderBond.sol","s":{"1":99,"2":99,"3":99,"4":99,"5":158,"6":19,"7":177,"8":0,"9":99,"10":596,"11":596,"12":496,"13":397,"14":298,"15":298,"16":298,"17":199,"18":199,"19":100,"20":1,"21":596,"22":0,"23":0,"24":0,"25":0,"26":0,"27":0,"28":0,"29":0,"30":0,"31":0,"32":0,"33":0,"34":0,"35":0,"36":0,"37":0,"38":100,"39":1,"40":1,"41":1,"42":99,"43":99,"44":99,"45":145,"46":145,"47":145,"48":145,"49":145,"50":145,"51":145,"52":145,"53":145,"54":145,"55":145,"56":145,"57":145,"58":145,"59":3,"60":1,"61":1,"62":2,"63":2,"64":158,"65":158,"66":155,"67":152,"68":149,"69":144,"70":143,"71":37,"72":37,"73":146,"74":146,"75":146,"76":146,"77":0,"78":0,"79":0,"80":0,"81":146,"82":3,"83":143,"84":145,"85":145,"86":145,"87":145,"88":145,"89":145,"90":19,"91":18,"92":19,"93":19,"94":19,"95":18,"96":18,"97":35,"98":35,"99":35,"100":35,"101":35,"102":34,"103":34,"104":34,"105":34,"106":34,"107":13,"108":13,"109":13,"110":13,"111":34,"112":8,"113":8,"114":8,"115":8,"116":34,"117":176,"118":176,"119":138,"120":38,"121":1471,"122":27,"123":134,"124":1471,"125":27,"126":134,"127":38,"128":38,"129":38,"130":6,"131":6,"132":4,"133":22,"134":22,"135":15,"136":15,"137":15,"138":13,"139":7,"140":13,"141":2,"142":2,"143":7,"144":22,"145":47,"146":47,"147":0,"148":47,"149":47,"150":1384,"151":5,"152":5,"153":5,"154":5,"155":4,"156":0,"157":4,"158":1,"159":1,"160":1,"161":47,"162":47,"163":0,"164":47,"165":47,"166":1390,"167":0,"168":0,"169":0,"170":0,"171":0,"172":0,"173":0,"174":0,"175":0,"176":0,"177":0,"178":0,"179":0,"180":0,"181":0,"182":197,"183":166,"184":166,"185":166,"186":166,"187":133,"188":6,"189":133,"190":33,"191":33,"192":1238,"193":166,"194":145,"195":145,"196":9,"197":9,"198":9,"199":0,"200":0,"201":0,"202":9,"203":9,"204":9,"205":9,"206":9,"207":8,"208":0,"209":0,"210":0,"211":0,"212":0,"213":0,"214":14,"215":14,"216":14,"217":14,"218":0,"219":14,"220":14,"221":14,"222":14,"223":14,"224":0,"225":0,"226":0,"227":0,"228":35,"229":35,"230":35,"231":35,"232":9,"233":9,"234":9,"235":2,"236":2,"237":2,"238":2,"239":2,"240":0,"241":0,"242":0,"243":5,"244":5,"245":0,"246":37,"247":37,"248":37},"b":{"1":[99,0],"2":[0,158],"3":[0,19],"4":[0,177],"5":[0,0],"6":[99,0],"7":[596,0],"8":[0,596],"9":[100,496],"10":[99,397],"11":[99,298],"12":[0,298],"13":[0,298],"14":[99,199],"15":[0,199],"16":[99,100],"17":[99,1],"18":[1,0],"19":[0,0],"20":[0,0],"21":[0,0],"22":[0,0],"23":[0,0],"24":[0,0],"25":[0,0],"26":[0,0],"27":[0,0],"28":[0,0],"29":[0,0],"30":[0,0],"31":[0,0],"32":[0,0],"33":[0,0],"34":[0,0],"35":[100,1],"36":[1,1],"37":[1,1],"38":[1,1],"39":[99,0],"40":[0,145],"41":[0,145],"42":[0,145],"43":[0,145],"44":[0,145],"45":[0,145],"46":[0,145],"47":[0,145],"48":[131,14],"49":[0,145],"50":[6,139],"51":[0,145],"52":[0,145],"53":[3,1],"54":[1,0],"55":[1,0],"56":[158,0],"57":[158,0],"58":[158,0],"59":[155,3],"60":[3,152],"61":[3,149],"62":[0,3],"63":[5,144],"64":[1,143],"65":[37,106],"66":[0,37],"67":[0,0],"68":[0,146],"69":[0,0],"70":[0,0],"71":[3,143],"72":[19,0],"73":[19,0],"74":[19,0],"75":[0,19],"76":[1,18],"77":[1,34],"78":[13,21],"79":[8,26],"80":[138,38],"81":[27,1444],"82":[27,1444],"83":[22,16],"84":[0,6],"85":[4,2],"86":[0,22],"87":[15,7],"88":[13,2],"89":[7,6],"90":[0,47],"91":[0,5],"92":[5,0],"93":[4,1],"94":[0,4],"95":[0,47],"96":[0,0],"97":[0,0],"98":[0,0],"99":[0,0],"100":[0,0],"101":[0,0],"102":[0,0],"103":[166,31],"104":[133,33],"105":[6,127],"106":[0,145],"107":[143,2],"108":[0,9],"109":[0,0],"110":[0,9],"111":[9,0],"112":[9,0],"113":[8,1],"114":[0,0],"115":[0,0],"116":[0,14],"117":[14,0],"118":[0,14],"119":[0,14],"120":[14,0],"121":[0,0],"122":[0,35],"123":[35,0],"124":[26,9],"125":[9,0],"126":[0,0],"127":[0,0],"128":[0,0],"129":[0,0],"130":[0,5],"131":[0,0]},"f":{"1":99,"2":158,"3":19,"4":177,"5":0,"6":99,"7":596,"8":0,"9":0,"10":0,"11":0,"12":0,"13":100,"14":1,"15":1,"16":1,"17":99,"18":145,"19":3,"20":1,"21":158,"22":145,"23":19,"24":19,"25":35,"26":176,"27":6,"28":22,"29":47,"30":5,"31":47,"32":0,"33":197,"34":145,"35":9,"36":14,"37":35,"38":0,"39":2,"40":0,"41":5,"42":0,"43":37,"44":37},"fnMap":{"1":{"name":"initialize","line":178,"loc":{"start":{"line":178,"column":4},"end":{"line":202,"column":4}}},"2":{"name":"depositEnabled","line":204,"loc":{"start":{"line":204,"column":4},"end":{"line":207,"column":4}}},"3":{"name":"withdrawEnabled","line":209,"loc":{"start":{"line":209,"column":4},"end":{"line":212,"column":4}}},"4":{"name":"bondPaused","line":214,"loc":{"start":{"line":214,"column":4},"end":{"line":217,"column":4}}},"5":{"name":"setInterval","line":219,"loc":{"start":{"line":219,"column":4},"end":{"line":222,"column":4}}},"6":{"name":"setBool","line":224,"loc":{"start":{"line":224,"column":4},"end":{"line":227,"column":4}}},"7":{"name":"setAddress","line":234,"loc":{"start":{"line":234,"column":4},"end":{"line":249,"column":4}}},"8":{"name":"setsigner","line":251,"loc":{"start":{"line":251,"column":4},"end":{"line":255,"column":4}}},"9":{"name":"setMinDepAmount","line":257,"loc":{"start":{"line":257,"column":4},"end":{"line":260,"column":4}}},"10":{"name":"setTxFees","line":262,"loc":{"start":{"line":262,"column":4},"end":{"line":265,"column":4}}},"11":{"name":"setBondYieldBaseRate","line":267,"loc":{"start":{"line":267,"column":4},"end":{"line":270,"column":4}}},"12":{"name":"getAddress","line":272,"loc":{"start":{"line":272,"column":4},"end":{"line":285,"column":4}}},"13":{"name":"setBondFeeEnabled","line":291,"loc":{"start":{"line":291,"column":4},"end":{"line":294,"column":4}}},"14":{"name":"setDepositEnable","line":300,"loc":{"start":{"line":300,"column":4},"end":{"line":303,"column":4}}},"15":{"name":"setWithdrawPause","line":309,"loc":{"start":{"line":309,"column":4},"end":{"line":312,"column":4}}},"16":{"name":"setBondPause","line":318,"loc":{"start":{"line":318,"column":4},"end":{"line":321,"column":4}}},"17":{"name":"setBondableTokens","line":329,"loc":{"start":{"line":329,"column":4},"end":{"line":335,"column":4}}},"18":{"name":"getInterest","line":337,"loc":{"start":{"line":337,"column":4},"end":{"line":356,"column":4}}},"19":{"name":"whitelist","line":358,"loc":{"start":{"line":358,"column":4},"end":{"line":361,"column":4}}},"20":{"name":"userInfoDepositContract","line":363,"loc":{"start":{"line":363,"column":4},"end":{"line":371,"column":4}}},"21":{"name":"deposit","line":388,"loc":{"start":{"line":381,"column":4},"end":{"line":425,"column":4}}},"22":{"name":"_deposit","line":427,"loc":{"start":{"line":427,"column":4},"end":{"line":464,"column":4}}},"23":{"name":"withdraw","line":474,"loc":{"start":{"line":474,"column":4},"end":{"line":477,"column":4}}},"24":{"name":"_withdraw","line":484,"loc":{"start":{"line":484,"column":4},"end":{"line":503,"column":4}}},"25":{"name":"claimRewards","line":505,"loc":{"start":{"line":505,"column":4},"end":{"line":536,"column":4}}},"26":{"name":"getLoopCount","line":538,"loc":{"start":{"line":538,"column":4},"end":{"line":571,"column":4}}},"27":{"name":"deductFeesFromTransfer","line":573,"loc":{"start":{"line":573,"column":4},"end":{"line":582,"column":4}}},"28":{"name":"epochRewardShareIndex","line":588,"loc":{"start":{"line":588,"column":4},"end":{"line":612,"column":4}}},"29":{"name":"epochRewardShareIndexByPass","line":614,"loc":{"start":{"line":614,"column":4},"end":{"line":628,"column":4}}},"30":{"name":"epochRewardShareIndexForSend","line":635,"loc":{"start":{"line":635,"column":4},"end":{"line":655,"column":4}}},"31":{"name":"epochRewardShareIndexSendByPass","line":657,"loc":{"start":{"line":657,"column":4},"end":{"line":668,"column":4}}},"32":{"name":"findClosestS","line":671,"loc":{"start":{"line":671,"column":4},"end":{"line":702,"column":4}}},"33":{"name":"epochBondYieldShareIndex","line":707,"loc":{"start":{"line":707,"column":4},"end":{"line":736,"column":4}}},"34":{"name":"calculateRefractionData","line":745,"loc":{"start":{"line":745,"column":4},"end":{"line":759,"column":4}}},"35":{"name":"calculateStakingReward","line":766,"loc":{"start":{"line":766,"column":4},"end":{"line":809,"column":4}}},"36":{"name":"calculateRefractionRewards","line":816,"loc":{"start":{"line":816,"column":4},"end":{"line":849,"column":4}}},"37":{"name":"calculateBondRewardAmount","line":856,"loc":{"start":{"line":856,"column":4},"end":{"line":890,"column":4}}},"38":{"name":"checkUpkeep","line":892,"loc":{"start":{"line":892,"column":4},"end":{"line":895,"column":4}}},"39":{"name":"performUpkeep","line":897,"loc":{"start":{"line":897,"column":4},"end":{"line":905,"column":4}}},"40":{"name":"setIndexesOfUser","line":907,"loc":{"start":{"line":907,"column":4},"end":{"line":919,"column":4}}},"41":{"name":"resetEndMint","line":921,"loc":{"start":{"line":921,"column":4},"end":{"line":925,"column":4}}},"42":{"name":"setAvailableBondFee","line":927,"loc":{"start":{"line":927,"column":4},"end":{"line":930,"column":4}}},"43":{"name":"_hash","line":932,"loc":{"start":{"line":932,"column":4},"end":{"line":943,"column":4}}},"44":{"name":"_verify","line":948,"loc":{"start":{"line":948,"column":4},"end":{"line":951,"column":4}}}},"statementMap":{"1":{"start":{"line":179,"column":8},"end":{"line":179,"column":23}},"2":{"start":{"line":180,"column":8},"end":{"line":180,"column":55}},"3":{"start":{"line":183,"column":8},"end":{"line":183,"column":31}},"4":{"start":{"line":201,"column":8},"end":{"line":201,"column":30}},"5":{"start":{"line":205,"column":8},"end":{"line":205,"column":54}},"6":{"start":{"line":210,"column":8},"end":{"line":210,"column":56}},"7":{"start":{"line":215,"column":8},"end":{"line":215,"column":50}},"8":{"start":{"line":221,"column":8},"end":{"line":221,"column":35}},"9":{"start":{"line":226,"column":8},"end":{"line":226,"column":27}},"10":{"start":{"line":235,"column":8},"end":{"line":235,"column":53}},"11":{"start":{"line":237,"column":8},"end":{"line":237,"column":8647}},"12":{"start":{"line":238,"column":13},"end":{"line":238,"column":8713}},"13":{"start":{"line":239,"column":13},"end":{"line":239,"column":8760}},"14":{"start":{"line":240,"column":13},"end":{"line":240,"column":8816}},"15":{"start":{"line":241,"column":13},"end":{"line":241,"column":8867}},"16":{"start":{"line":242,"column":13},"end":{"line":242,"column":8910}},"17":{"start":{"line":243,"column":13},"end":{"line":243,"column":8954}},"18":{"start":{"line":244,"column":13},"end":{"line":244,"column":8999}},"19":{"start":{"line":245,"column":13},"end":{"line":245,"column":9063}},"20":{"start":{"line":246,"column":13},"end":{"line":246,"column":81}},"21":{"start":{"line":248,"column":8},"end":{"line":248,"column":37}},"22":{"start":{"line":252,"column":8},"end":{"line":252,"column":55}},"23":{"start":{"line":254,"column":8},"end":{"line":254,"column":30}},"24":{"start":{"line":259,"column":8},"end":{"line":259,"column":34}},"25":{"start":{"line":264,"column":8},"end":{"line":264,"column":31}},"26":{"start":{"line":269,"column":8},"end":{"line":269,"column":53}},"27":{"start":{"line":273,"column":8},"end":{"line":273,"column":44}},"28":{"start":{"line":275,"column":8},"end":{"line":275,"column":9978}},"29":{"start":{"line":276,"column":13},"end":{"line":276,"column":10036}},"30":{"start":{"line":277,"column":13},"end":{"line":277,"column":10082}},"31":{"start":{"line":278,"column":13},"end":{"line":278,"column":10136}},"32":{"start":{"line":279,"column":13},"end":{"line":279,"column":10186}},"33":{"start":{"line":280,"column":13},"end":{"line":280,"column":10228}},"34":{"start":{"line":281,"column":13},"end":{"line":281,"column":10271}},"35":{"start":{"line":282,"column":13},"end":{"line":282,"column":10315}},"36":{"start":{"line":283,"column":13},"end":{"line":283,"column":10372}},"37":{"start":{"line":284,"column":13},"end":{"line":284,"column":61}},"38":{"start":{"line":293,"column":8},"end":{"line":293,"column":40}},"39":{"start":{"line":302,"column":8},"end":{"line":302,"column":39}},"40":{"start":{"line":311,"column":8},"end":{"line":311,"column":39}},"41":{"start":{"line":320,"column":8},"end":{"line":320,"column":35}},"42":{"start":{"line":330,"column":8},"end":{"line":330,"column":38}},"43":{"start":{"line":331,"column":8},"end":{"line":331,"column":11838}},"44":{"start":{"line":333,"column":8},"end":{"line":333,"column":50}},"45":{"start":{"line":338,"column":8},"end":{"line":338,"column":32}},"46":{"start":{"line":341,"column":12},"end":{"line":341,"column":55}},"47":{"start":{"line":342,"column":12},"end":{"line":342,"column":73}},"48":{"start":{"line":343,"column":12},"end":{"line":343,"column":73}},"49":{"start":{"line":344,"column":12},"end":{"line":344,"column":73}},"50":{"start":{"line":345,"column":12},"end":{"line":345,"column":73}},"51":{"start":{"line":346,"column":12},"end":{"line":346,"column":73}},"52":{"start":{"line":347,"column":12},"end":{"line":347,"column":73}},"53":{"start":{"line":348,"column":12},"end":{"line":348,"column":73}},"54":{"start":{"line":349,"column":12},"end":{"line":349,"column":72}},"55":{"start":{"line":350,"column":12},"end":{"line":350,"column":70}},"56":{"start":{"line":351,"column":12},"end":{"line":351,"column":70}},"57":{"start":{"line":352,"column":12},"end":{"line":352,"column":70}},"58":{"start":{"line":353,"column":12},"end":{"line":353,"column":69}},"59":{"start":{"line":360,"column":8},"end":{"line":360,"column":38}},"60":{"start":{"line":364,"column":8},"end":{"line":364,"column":13436}},"61":{"start":{"line":365,"column":12},"end":{"line":365,"column":13476}},"62":{"start":{"line":367,"column":16},"end":{"line":367,"column":131}},"63":{"start":{"line":368,"column":16},"end":{"line":368,"column":76}},"64":{"start":{"line":389,"column":8},"end":{"line":389,"column":32}},"65":{"start":{"line":390,"column":8},"end":{"line":390,"column":14537}},"66":{"start":{"line":391,"column":12},"end":{"line":391,"column":68}},"67":{"start":{"line":392,"column":12},"end":{"line":392,"column":71}},"68":{"start":{"line":393,"column":12},"end":{"line":393,"column":88}},"69":{"start":{"line":394,"column":12},"end":{"line":394,"column":56}},"70":{"start":{"line":395,"column":12},"end":{"line":395,"column":14954}},"71":{"start":{"line":396,"column":16},"end":{"line":396,"column":55}},"72":{"start":{"line":397,"column":16},"end":{"line":397,"column":96}},"73":{"start":{"line":401,"column":8},"end":{"line":401,"column":53}},"74":{"start":{"line":402,"column":8},"end":{"line":402,"column":33}},"75":{"start":{"line":403,"column":8},"end":{"line":403,"column":77}},"76":{"start":{"line":405,"column":8},"end":{"line":405,"column":15459}},"77":{"start":{"line":406,"column":12},"end":{"line":406,"column":62}},"78":{"start":{"line":407,"column":12},"end":{"line":407,"column":15567}},"79":{"start":{"line":410,"column":12},"end":{"line":410,"column":50}},"80":{"start":{"line":411,"column":12},"end":{"line":411,"column":95}},"81":{"start":{"line":416,"column":12},"end":{"line":416,"column":16286}},"82":{"start":{"line":416,"column":36},"end":{"line":416,"column":120}},"83":{"start":{"line":417,"column":17},"end":{"line":417,"column":81}},"84":{"start":{"line":419,"column":8},"end":{"line":419,"column":76}},"85":{"start":{"line":424,"column":8},"end":{"line":424,"column":71}},"86":{"start":{"line":434,"column":8},"end":{"line":434,"column":97}},"87":{"start":{"line":438,"column":8},"end":{"line":438,"column":105}},"88":{"start":{"line":439,"column":8},"end":{"line":439,"column":106}},"89":{"start":{"line":444,"column":8},"end":{"line":444,"column":112}},"90":{"start":{"line":475,"column":8},"end":{"line":475,"column":25}},"91":{"start":{"line":476,"column":8},"end":{"line":476,"column":44}},"92":{"start":{"line":485,"column":8},"end":{"line":485,"column":42}},"93":{"start":{"line":486,"column":8},"end":{"line":486,"column":57}},"94":{"start":{"line":487,"column":8},"end":{"line":487,"column":105}},"95":{"start":{"line":488,"column":8},"end":{"line":488,"column":29}},"96":{"start":{"line":490,"column":8},"end":{"line":490,"column":142}},"97":{"start":{"line":506,"column":8},"end":{"line":506,"column":36}},"98":{"start":{"line":507,"column":8},"end":{"line":507,"column":33}},"99":{"start":{"line":508,"column":8},"end":{"line":508,"column":40}},"100":{"start":{"line":509,"column":8},"end":{"line":509,"column":42}},"101":{"start":{"line":510,"column":8},"end":{"line":510,"column":73}},"102":{"start":{"line":511,"column":8},"end":{"line":511,"column":53}},"103":{"start":{"line":512,"column":8},"end":{"line":512,"column":77}},"104":{"start":{"line":513,"column":8},"end":{"line":513,"column":54}},"105":{"start":{"line":514,"column":8},"end":{"line":514,"column":52}},"106":{"start":{"line":516,"column":8},"end":{"line":516,"column":21335}},"107":{"start":{"line":517,"column":12},"end":{"line":517,"column":98}},"108":{"start":{"line":518,"column":12},"end":{"line":518,"column":21511}},"109":{"start":{"line":522,"column":12},"end":{"line":522,"column":74}},"110":{"start":{"line":523,"column":12},"end":{"line":523,"column":81}},"111":{"start":{"line":526,"column":8},"end":{"line":526,"column":21839}},"112":{"start":{"line":528,"column":12},"end":{"line":528,"column":93}},"113":{"start":{"line":529,"column":12},"end":{"line":529,"column":70}},"114":{"start":{"line":531,"column":12},"end":{"line":531,"column":75}},"115":{"start":{"line":532,"column":12},"end":{"line":532,"column":68}},"116":{"start":{"line":535,"column":8},"end":{"line":535,"column":55}},"117":{"start":{"line":539,"column":8},"end":{"line":539,"column":61}},"118":{"start":{"line":540,"column":8},"end":{"line":540,"column":22542}},"119":{"start":{"line":540,"column":35},"end":{"line":540,"column":64}},"120":{"start":{"line":542,"column":12},"end":{"line":542,"column":22630}},"121":{"start":{"line":545,"column":16},"end":{"line":545,"column":22887}},"122":{"start":{"line":546,"column":20},"end":{"line":546,"column":22947}},"123":{"start":{"line":547,"column":24},"end":{"line":547,"column":72}},"124":{"start":{"line":553,"column":16},"end":{"line":553,"column":23365}},"125":{"start":{"line":554,"column":20},"end":{"line":554,"column":23427}},"126":{"start":{"line":555,"column":24},"end":{"line":555,"column":74}},"127":{"start":{"line":562,"column":12},"end":{"line":562,"column":89}},"128":{"start":{"line":563,"column":12},"end":{"line":563,"column":23804}},"129":{"start":{"line":569,"column":12},"end":{"line":569,"column":37}},"130":{"start":{"line":574,"column":8},"end":{"line":574,"column":24129}},"131":{"start":{"line":577,"column":8},"end":{"line":577,"column":24218}},"132":{"start":{"line":578,"column":12},"end":{"line":578,"column":76}},"133":{"start":{"line":589,"column":8},"end":{"line":589,"column":55}},"134":{"start":{"line":591,"column":8},"end":{"line":591,"column":24722}},"135":{"start":{"line":592,"column":12},"end":{"line":592,"column":74}},"136":{"start":{"line":593,"column":12},"end":{"line":593,"column":62}},"137":{"start":{"line":598,"column":12},"end":{"line":598,"column":25120}},"138":{"start":{"line":599,"column":16},"end":{"line":599,"column":133}},"139":{"start":{"line":599,"column":70},"end":{"line":599,"column":132}},"140":{"start":{"line":600,"column":16},"end":{"line":600,"column":74}},"141":{"start":{"line":602,"column":16},"end":{"line":602,"column":63}},"142":{"start":{"line":603,"column":16},"end":{"line":603,"column":25491}},"143":{"start":{"line":604,"column":20},"end":{"line":604,"column":76}},"144":{"start":{"line":611,"column":8},"end":{"line":611,"column":54}},"145":{"start":{"line":616,"column":8},"end":{"line":616,"column":58}},"146":{"start":{"line":618,"column":8},"end":{"line":618,"column":26178}},"147":{"start":{"line":619,"column":16},"end":{"line":619,"column":78}},"148":{"start":{"line":621,"column":16},"end":{"line":621,"column":63}},"149":{"start":{"line":622,"column":16},"end":{"line":622,"column":26470}},"150":{"start":{"line":624,"column":20},"end":{"line":624,"column":76}},"151":{"start":{"line":636,"column":8},"end":{"line":636,"column":70}},"152":{"start":{"line":637,"column":8},"end":{"line":637,"column":27034}},"153":{"start":{"line":638,"column":12},"end":{"line":638,"column":62}},"154":{"start":{"line":642,"column":12},"end":{"line":642,"column":27295}},"155":{"start":{"line":643,"column":16},"end":{"line":643,"column":141}},"156":{"start":{"line":643,"column":74},"end":{"line":643,"column":140}},"157":{"start":{"line":644,"column":16},"end":{"line":644,"column":78}},"158":{"start":{"line":646,"column":16},"end":{"line":646,"column":63}},"159":{"start":{"line":647,"column":16},"end":{"line":647,"column":27678}},"160":{"start":{"line":648,"column":20},"end":{"line":648,"column":80}},"161":{"start":{"line":658,"column":9},"end":{"line":658,"column":59}},"162":{"start":{"line":659,"column":8},"end":{"line":659,"column":28178}},"163":{"start":{"line":660,"column":16},"end":{"line":660,"column":82}},"164":{"start":{"line":662,"column":16},"end":{"line":662,"column":63}},"165":{"start":{"line":663,"column":16},"end":{"line":663,"column":28478}},"166":{"start":{"line":664,"column":20},"end":{"line":664,"column":80}},"167":{"start":{"line":672,"column":8},"end":{"line":672,"column":23}},"168":{"start":{"line":673,"column":8},"end":{"line":673,"column":20}},"169":{"start":{"line":674,"column":8},"end":{"line":674,"column":28848}},"170":{"start":{"line":679,"column":8},"end":{"line":679,"column":19}},"171":{"start":{"line":681,"column":8},"end":{"line":681,"column":28981}},"172":{"start":{"line":683,"column":12},"end":{"line":683,"column":29055}},"173":{"start":{"line":684,"column":16},"end":{"line":684,"column":31}},"174":{"start":{"line":685,"column":19},"end":{"line":685,"column":29205}},"175":{"start":{"line":686,"column":16},"end":{"line":686,"column":35}},"176":{"start":{"line":688,"column":17},"end":{"line":688,"column":29340}},"177":{"start":{"line":695,"column":8},"end":{"line":695,"column":29534}},"178":{"start":{"line":696,"column":12},"end":{"line":696,"column":27}},"179":{"start":{"line":697,"column":15},"end":{"line":697,"column":29611}},"180":{"start":{"line":698,"column":12},"end":{"line":698,"column":28}},"181":{"start":{"line":700,"column":12},"end":{"line":700,"column":20}},"182":{"start":{"line":709,"column":8},"end":{"line":709,"column":30003}},"183":{"start":{"line":710,"column":12},"end":{"line":710,"column":62}},"184":{"start":{"line":711,"column":12},"end":{"line":711,"column":93}},"185":{"start":{"line":712,"column":12},"end":{"line":712,"column":60}},"186":{"start":{"line":719,"column":12},"end":{"line":719,"column":30559}},"187":{"start":{"line":720,"column":16},"end":{"line":720,"column":126}},"188":{"start":{"line":720,"column":65},"end":{"line":720,"column":125}},"189":{"start":{"line":721,"column":16},"end":{"line":721,"column":69}},"190":{"start":{"line":723,"column":16},"end":{"line":723,"column":66}},"191":{"start":{"line":724,"column":16},"end":{"line":724,"column":30924}},"192":{"start":{"line":725,"column":20},"end":{"line":725,"column":74}},"193":{"start":{"line":734,"column":12},"end":{"line":734,"column":64}},"194":{"start":{"line":752,"column":8},"end":{"line":752,"column":68}},"195":{"start":{"line":753,"column":8},"end":{"line":753,"column":32252}},"196":{"start":{"line":767,"column":8},"end":{"line":767,"column":42}},"197":{"start":{"line":768,"column":8},"end":{"line":768,"column":45}},"198":{"start":{"line":769,"column":8},"end":{"line":769,"column":32891}},"199":{"start":{"line":770,"column":12},"end":{"line":770,"column":117}},"200":{"start":{"line":772,"column":12},"end":{"line":772,"column":33103}},"201":{"start":{"line":773,"column":16},"end":{"line":773,"column":38}},"202":{"start":{"line":776,"column":12},"end":{"line":776,"column":77}},"203":{"start":{"line":777,"column":12},"end":{"line":777,"column":33292}},"204":{"start":{"line":779,"column":16},"end":{"line":779,"column":33326}},"205":{"start":{"line":780,"column":20},"end":{"line":780,"column":33534}},"206":{"start":{"line":783,"column":20},"end":{"line":783,"column":33620}},"207":{"start":{"line":784,"column":24},"end":{"line":784,"column":46}},"208":{"start":{"line":787,"column":20},"end":{"line":787,"column":33}},"209":{"start":{"line":788,"column":20},"end":{"line":788,"column":33797}},"210":{"start":{"line":798,"column":20},"end":{"line":798,"column":74}},"211":{"start":{"line":799,"column":20},"end":{"line":799,"column":119}},"212":{"start":{"line":801,"column":20},"end":{"line":801,"column":34626}},"213":{"start":{"line":802,"column":24},"end":{"line":802,"column":46}},"214":{"start":{"line":817,"column":8},"end":{"line":817,"column":42}},"215":{"start":{"line":818,"column":8},"end":{"line":818,"column":55}},"216":{"start":{"line":819,"column":8},"end":{"line":819,"column":22}},"217":{"start":{"line":820,"column":8},"end":{"line":820,"column":35213}},"218":{"start":{"line":822,"column":12},"end":{"line":822,"column":25}},"219":{"start":{"line":824,"column":12},"end":{"line":824,"column":35398}},"220":{"start":{"line":825,"column":16},"end":{"line":825,"column":81}},"221":{"start":{"line":826,"column":16},"end":{"line":826,"column":101}},"222":{"start":{"line":827,"column":16},"end":{"line":827,"column":35617}},"223":{"start":{"line":829,"column":20},"end":{"line":829,"column":33}},"224":{"start":{"line":831,"column":20},"end":{"line":831,"column":33}},"225":{"start":{"line":832,"column":20},"end":{"line":832,"column":35955}},"226":{"start":{"line":841,"column":20},"end":{"line":841,"column":70}},"227":{"start":{"line":843,"column":20},"end":{"line":843,"column":33}},"228":{"start":{"line":857,"column":8},"end":{"line":857,"column":42}},"229":{"start":{"line":858,"column":8},"end":{"line":858,"column":37362}},"230":{"start":{"line":861,"column":12},"end":{"line":861,"column":37518}},"231":{"start":{"line":862,"column":16},"end":{"line":862,"column":37551}},"232":{"start":{"line":873,"column":24},"end":{"line":873,"column":37}},"233":{"start":{"line":874,"column":24},"end":{"line":874,"column":38680}},"234":{"start":{"line":883,"column":20},"end":{"line":883,"column":69}},"235":{"start":{"line":899,"column":12},"end":{"line":899,"column":37}},"236":{"start":{"line":900,"column":12},"end":{"line":900,"column":40}},"237":{"start":{"line":901,"column":12},"end":{"line":901,"column":44}},"238":{"start":{"line":902,"column":12},"end":{"line":902,"column":47}},"239":{"start":{"line":903,"column":12},"end":{"line":903,"column":25}},"240":{"start":{"line":909,"column":8},"end":{"line":909,"column":40660}},"241":{"start":{"line":913,"column":7},"end":{"line":913,"column":40777}},"242":{"start":{"line":917,"column":8},"end":{"line":917,"column":69}},"243":{"start":{"line":922,"column":8},"end":{"line":922,"column":66}},"244":{"start":{"line":924,"column":8},"end":{"line":924,"column":27}},"245":{"start":{"line":928,"column":8},"end":{"line":928,"column":66}},"246":{"start":{"line":933,"column":8},"end":{"line":933,"column":41506}},"247":{"start":{"line":949,"column":8},"end":{"line":949,"column":40}},"248":{"start":{"line":950,"column":8},"end":{"line":950,"column":67}}},"branchMap":{"1":{"line":178,"type":"if","locations":[{"start":{"line":178,"column":82},"end":{"line":178,"column":82}},{"start":{"line":178,"column":82},"end":{"line":178,"column":82}}]},"2":{"line":205,"type":"if","locations":[{"start":{"line":205,"column":8},"end":{"line":205,"column":8}},{"start":{"line":205,"column":8},"end":{"line":205,"column":8}}]},"3":{"line":210,"type":"if","locations":[{"start":{"line":210,"column":8},"end":{"line":210,"column":8}},{"start":{"line":210,"column":8},"end":{"line":210,"column":8}}]},"4":{"line":215,"type":"if","locations":[{"start":{"line":215,"column":8},"end":{"line":215,"column":8}},{"start":{"line":215,"column":8},"end":{"line":215,"column":8}}]},"5":{"line":219,"type":"if","locations":[{"start":{"line":219,"column":51},"end":{"line":219,"column":51}},{"start":{"line":219,"column":51},"end":{"line":219,"column":51}}]},"6":{"line":224,"type":"if","locations":[{"start":{"line":224,"column":40},"end":{"line":224,"column":40}},{"start":{"line":224,"column":40},"end":{"line":224,"column":40}}]},"7":{"line":234,"type":"if","locations":[{"start":{"line":234,"column":61},"end":{"line":234,"column":61}},{"start":{"line":234,"column":61},"end":{"line":234,"column":61}}]},"8":{"line":235,"type":"if","locations":[{"start":{"line":235,"column":8},"end":{"line":235,"column":8}},{"start":{"line":235,"column":8},"end":{"line":235,"column":8}}]},"9":{"line":237,"type":"if","locations":[{"start":{"line":237,"column":8},"end":{"line":237,"column":8}},{"start":{"line":237,"column":8},"end":{"line":237,"column":8}}]},"10":{"line":238,"type":"if","locations":[{"start":{"line":238,"column":13},"end":{"line":238,"column":13}},{"start":{"line":238,"column":13},"end":{"line":238,"column":13}}]},"11":{"line":239,"type":"if","locations":[{"start":{"line":239,"column":13},"end":{"line":239,"column":13}},{"start":{"line":239,"column":13},"end":{"line":239,"column":13}}]},"12":{"line":240,"type":"if","locations":[{"start":{"line":240,"column":13},"end":{"line":240,"column":13}},{"start":{"line":240,"column":13},"end":{"line":240,"column":13}}]},"13":{"line":241,"type":"if","locations":[{"start":{"line":241,"column":13},"end":{"line":241,"column":13}},{"start":{"line":241,"column":13},"end":{"line":241,"column":13}}]},"14":{"line":242,"type":"if","locations":[{"start":{"line":242,"column":13},"end":{"line":242,"column":13}},{"start":{"line":242,"column":13},"end":{"line":242,"column":13}}]},"15":{"line":243,"type":"if","locations":[{"start":{"line":243,"column":13},"end":{"line":243,"column":13}},{"start":{"line":243,"column":13},"end":{"line":243,"column":13}}]},"16":{"line":244,"type":"if","locations":[{"start":{"line":244,"column":13},"end":{"line":244,"column":13}},{"start":{"line":244,"column":13},"end":{"line":244,"column":13}}]},"17":{"line":245,"type":"if","locations":[{"start":{"line":245,"column":13},"end":{"line":245,"column":13}},{"start":{"line":245,"column":13},"end":{"line":245,"column":13}}]},"18":{"line":246,"type":"if","locations":[{"start":{"line":246,"column":13},"end":{"line":246,"column":13}},{"start":{"line":246,"column":13},"end":{"line":246,"column":13}}]},"19":{"line":251,"type":"if","locations":[{"start":{"line":251,"column":49},"end":{"line":251,"column":49}},{"start":{"line":251,"column":49},"end":{"line":251,"column":49}}]},"20":{"line":252,"type":"if","locations":[{"start":{"line":252,"column":8},"end":{"line":252,"column":8}},{"start":{"line":252,"column":8},"end":{"line":252,"column":8}}]},"21":{"line":257,"type":"if","locations":[{"start":{"line":257,"column":50},"end":{"line":257,"column":50}},{"start":{"line":257,"column":50},"end":{"line":257,"column":50}}]},"22":{"line":262,"type":"if","locations":[{"start":{"line":262,"column":47},"end":{"line":262,"column":47}},{"start":{"line":262,"column":47},"end":{"line":262,"column":47}}]},"23":{"line":267,"type":"if","locations":[{"start":{"line":267,"column":69},"end":{"line":267,"column":69}},{"start":{"line":267,"column":69},"end":{"line":267,"column":69}}]},"24":{"line":273,"type":"if","locations":[{"start":{"line":273,"column":8},"end":{"line":273,"column":8}},{"start":{"line":273,"column":8},"end":{"line":273,"column":8}}]},"25":{"line":275,"type":"if","locations":[{"start":{"line":275,"column":8},"end":{"line":275,"column":8}},{"start":{"line":275,"column":8},"end":{"line":275,"column":8}}]},"26":{"line":276,"type":"if","locations":[{"start":{"line":276,"column":13},"end":{"line":276,"column":13}},{"start":{"line":276,"column":13},"end":{"line":276,"column":13}}]},"27":{"line":277,"type":"if","locations":[{"start":{"line":277,"column":13},"end":{"line":277,"column":13}},{"start":{"line":277,"column":13},"end":{"line":277,"column":13}}]},"28":{"line":278,"type":"if","locations":[{"start":{"line":278,"column":13},"end":{"line":278,"column":13}},{"start":{"line":278,"column":13},"end":{"line":278,"column":13}}]},"29":{"line":279,"type":"if","locations":[{"start":{"line":279,"column":13},"end":{"line":279,"column":13}},{"start":{"line":279,"column":13},"end":{"line":279,"column":13}}]},"30":{"line":280,"type":"if","locations":[{"start":{"line":280,"column":13},"end":{"line":280,"column":13}},{"start":{"line":280,"column":13},"end":{"line":280,"column":13}}]},"31":{"line":281,"type":"if","locations":[{"start":{"line":281,"column":13},"end":{"line":281,"column":13}},{"start":{"line":281,"column":13},"end":{"line":281,"column":13}}]},"32":{"line":282,"type":"if","locations":[{"start":{"line":282,"column":13},"end":{"line":282,"column":13}},{"start":{"line":282,"column":13},"end":{"line":282,"column":13}}]},"33":{"line":283,"type":"if","locations":[{"start":{"line":283,"column":13},"end":{"line":283,"column":13}},{"start":{"line":283,"column":13},"end":{"line":283,"column":13}}]},"34":{"line":284,"type":"if","locations":[{"start":{"line":284,"column":13},"end":{"line":284,"column":13}},{"start":{"line":284,"column":13},"end":{"line":284,"column":13}}]},"35":{"line":291,"type":"if","locations":[{"start":{"line":291,"column":53},"end":{"line":291,"column":53}},{"start":{"line":291,"column":53},"end":{"line":291,"column":53}}]},"36":{"line":300,"type":"if","locations":[{"start":{"line":300,"column":52},"end":{"line":300,"column":52}},{"start":{"line":300,"column":52},"end":{"line":300,"column":52}}]},"37":{"line":309,"type":"if","locations":[{"start":{"line":309,"column":52},"end":{"line":309,"column":52}},{"start":{"line":309,"column":52},"end":{"line":309,"column":52}}]},"38":{"line":318,"type":"if","locations":[{"start":{"line":318,"column":48},"end":{"line":318,"column":48}},{"start":{"line":318,"column":48},"end":{"line":318,"column":48}}]},"39":{"line":329,"type":"if","locations":[{"start":{"line":329,"column":81},"end":{"line":329,"column":81}},{"start":{"line":329,"column":81},"end":{"line":329,"column":81}}]},"40":{"line":341,"type":"if","locations":[{"start":{"line":341,"column":12},"end":{"line":341,"column":12}},{"start":{"line":341,"column":12},"end":{"line":341,"column":12}}]},"41":{"line":342,"type":"if","locations":[{"start":{"line":342,"column":12},"end":{"line":342,"column":12}},{"start":{"line":342,"column":12},"end":{"line":342,"column":12}}]},"42":{"line":343,"type":"if","locations":[{"start":{"line":343,"column":12},"end":{"line":343,"column":12}},{"start":{"line":343,"column":12},"end":{"line":343,"column":12}}]},"43":{"line":344,"type":"if","locations":[{"start":{"line":344,"column":12},"end":{"line":344,"column":12}},{"start":{"line":344,"column":12},"end":{"line":344,"column":12}}]},"44":{"line":345,"type":"if","locations":[{"start":{"line":345,"column":12},"end":{"line":345,"column":12}},{"start":{"line":345,"column":12},"end":{"line":345,"column":12}}]},"45":{"line":346,"type":"if","locations":[{"start":{"line":346,"column":12},"end":{"line":346,"column":12}},{"start":{"line":346,"column":12},"end":{"line":346,"column":12}}]},"46":{"line":347,"type":"if","locations":[{"start":{"line":347,"column":12},"end":{"line":347,"column":12}},{"start":{"line":347,"column":12},"end":{"line":347,"column":12}}]},"47":{"line":348,"type":"if","locations":[{"start":{"line":348,"column":12},"end":{"line":348,"column":12}},{"start":{"line":348,"column":12},"end":{"line":348,"column":12}}]},"48":{"line":349,"type":"if","locations":[{"start":{"line":349,"column":12},"end":{"line":349,"column":12}},{"start":{"line":349,"column":12},"end":{"line":349,"column":12}}]},"49":{"line":350,"type":"if","locations":[{"start":{"line":350,"column":12},"end":{"line":350,"column":12}},{"start":{"line":350,"column":12},"end":{"line":350,"column":12}}]},"50":{"line":351,"type":"if","locations":[{"start":{"line":351,"column":12},"end":{"line":351,"column":12}},{"start":{"line":351,"column":12},"end":{"line":351,"column":12}}]},"51":{"line":352,"type":"if","locations":[{"start":{"line":352,"column":12},"end":{"line":352,"column":12}},{"start":{"line":352,"column":12},"end":{"line":352,"column":12}}]},"52":{"line":353,"type":"if","locations":[{"start":{"line":353,"column":12},"end":{"line":353,"column":12}},{"start":{"line":353,"column":12},"end":{"line":353,"column":12}}]},"53":{"line":358,"type":"if","locations":[{"start":{"line":358,"column":46},"end":{"line":358,"column":46}},{"start":{"line":358,"column":46},"end":{"line":358,"column":46}}]},"54":{"line":363,"type":"if","locations":[{"start":{"line":363,"column":96},"end":{"line":363,"column":96}},{"start":{"line":363,"column":96},"end":{"line":363,"column":96}}]},"55":{"line":364,"type":"if","locations":[{"start":{"line":364,"column":8},"end":{"line":364,"column":8}},{"start":{"line":364,"column":8},"end":{"line":364,"column":8}}]},"56":{"line":388,"type":"if","locations":[{"start":{"line":388,"column":21},"end":{"line":388,"column":21}},{"start":{"line":388,"column":21},"end":{"line":388,"column":21}}]},"57":{"line":388,"type":"if","locations":[{"start":{"line":388,"column":34},"end":{"line":388,"column":34}},{"start":{"line":388,"column":34},"end":{"line":388,"column":34}}]},"58":{"line":388,"type":"if","locations":[{"start":{"line":388,"column":49},"end":{"line":388,"column":49}},{"start":{"line":388,"column":49},"end":{"line":388,"column":49}}]},"59":{"line":390,"type":"if","locations":[{"start":{"line":390,"column":8},"end":{"line":390,"column":8}},{"start":{"line":390,"column":8},"end":{"line":390,"column":8}}]},"60":{"line":391,"type":"if","locations":[{"start":{"line":391,"column":12},"end":{"line":391,"column":12}},{"start":{"line":391,"column":12},"end":{"line":391,"column":12}}]},"61":{"line":392,"type":"if","locations":[{"start":{"line":392,"column":12},"end":{"line":392,"column":12}},{"start":{"line":392,"column":12},"end":{"line":392,"column":12}}]},"62":{"line":392,"type":"cond-expr","locations":[{"start":{"line":392,"column":16},"end":{"line":392,"column":27}},{"start":{"line":392,"column":32},"end":{"line":392,"column":44}}]},"63":{"line":393,"type":"if","locations":[{"start":{"line":393,"column":12},"end":{"line":393,"column":12}},{"start":{"line":393,"column":12},"end":{"line":393,"column":12}}]},"64":{"line":394,"type":"if","locations":[{"start":{"line":394,"column":12},"end":{"line":394,"column":12}},{"start":{"line":394,"column":12},"end":{"line":394,"column":12}}]},"65":{"line":395,"type":"if","locations":[{"start":{"line":395,"column":12},"end":{"line":395,"column":12}},{"start":{"line":395,"column":12},"end":{"line":395,"column":12}}]},"66":{"line":397,"type":"if","locations":[{"start":{"line":397,"column":16},"end":{"line":397,"column":16}},{"start":{"line":397,"column":16},"end":{"line":397,"column":16}}]},"67":{"line":397,"type":"cond-expr","locations":[{"start":{"line":397,"column":19},"end":{"line":397,"column":39}},{"start":{"line":397,"column":44},"end":{"line":397,"column":70}}]},"68":{"line":405,"type":"if","locations":[{"start":{"line":405,"column":8},"end":{"line":405,"column":8}},{"start":{"line":405,"column":8},"end":{"line":405,"column":8}}]},"69":{"line":406,"type":"if","locations":[{"start":{"line":406,"column":12},"end":{"line":406,"column":12}},{"start":{"line":406,"column":12},"end":{"line":406,"column":12}}]},"70":{"line":410,"type":"if","locations":[{"start":{"line":410,"column":12},"end":{"line":410,"column":12}},{"start":{"line":410,"column":12},"end":{"line":410,"column":12}}]},"71":{"line":416,"type":"if","locations":[{"start":{"line":416,"column":12},"end":{"line":416,"column":12}},{"start":{"line":416,"column":12},"end":{"line":416,"column":12}}]},"72":{"line":474,"type":"if","locations":[{"start":{"line":474,"column":48},"end":{"line":474,"column":48}},{"start":{"line":474,"column":48},"end":{"line":474,"column":48}}]},"73":{"line":474,"type":"if","locations":[{"start":{"line":474,"column":61},"end":{"line":474,"column":61}},{"start":{"line":474,"column":61},"end":{"line":474,"column":61}}]},"74":{"line":474,"type":"if","locations":[{"start":{"line":474,"column":77},"end":{"line":474,"column":77}},{"start":{"line":474,"column":77},"end":{"line":474,"column":77}}]},"75":{"line":486,"type":"if","locations":[{"start":{"line":486,"column":8},"end":{"line":486,"column":8}},{"start":{"line":486,"column":8},"end":{"line":486,"column":8}}]},"76":{"line":487,"type":"if","locations":[{"start":{"line":487,"column":8},"end":{"line":487,"column":8}},{"start":{"line":487,"column":8},"end":{"line":487,"column":8}}]},"77":{"line":510,"type":"if","locations":[{"start":{"line":510,"column":8},"end":{"line":510,"column":8}},{"start":{"line":510,"column":8},"end":{"line":510,"column":8}}]},"78":{"line":516,"type":"if","locations":[{"start":{"line":516,"column":8},"end":{"line":516,"column":8}},{"start":{"line":516,"column":8},"end":{"line":516,"column":8}}]},"79":{"line":526,"type":"if","locations":[{"start":{"line":526,"column":8},"end":{"line":526,"column":8}},{"start":{"line":526,"column":8},"end":{"line":526,"column":8}}]},"80":{"line":540,"type":"if","locations":[{"start":{"line":540,"column":8},"end":{"line":540,"column":8}},{"start":{"line":540,"column":8},"end":{"line":540,"column":8}}]},"81":{"line":545,"type":"if","locations":[{"start":{"line":545,"column":16},"end":{"line":545,"column":16}},{"start":{"line":545,"column":16},"end":{"line":545,"column":16}}]},"82":{"line":553,"type":"if","locations":[{"start":{"line":553,"column":16},"end":{"line":553,"column":16}},{"start":{"line":553,"column":16},"end":{"line":553,"column":16}}]},"83":{"line":563,"type":"if","locations":[{"start":{"line":563,"column":12},"end":{"line":563,"column":12}},{"start":{"line":563,"column":12},"end":{"line":563,"column":12}}]},"84":{"line":574,"type":"if","locations":[{"start":{"line":574,"column":8},"end":{"line":574,"column":8}},{"start":{"line":574,"column":8},"end":{"line":574,"column":8}}]},"85":{"line":577,"type":"if","locations":[{"start":{"line":577,"column":8},"end":{"line":577,"column":8}},{"start":{"line":577,"column":8},"end":{"line":577,"column":8}}]},"86":{"line":589,"type":"if","locations":[{"start":{"line":589,"column":8},"end":{"line":589,"column":8}},{"start":{"line":589,"column":8},"end":{"line":589,"column":8}}]},"87":{"line":591,"type":"if","locations":[{"start":{"line":591,"column":8},"end":{"line":591,"column":8}},{"start":{"line":591,"column":8},"end":{"line":591,"column":8}}]},"88":{"line":598,"type":"if","locations":[{"start":{"line":598,"column":12},"end":{"line":598,"column":12}},{"start":{"line":598,"column":12},"end":{"line":598,"column":12}}]},"89":{"line":599,"type":"if","locations":[{"start":{"line":599,"column":16},"end":{"line":599,"column":16}},{"start":{"line":599,"column":16},"end":{"line":599,"column":16}}]},"90":{"line":618,"type":"if","locations":[{"start":{"line":618,"column":8},"end":{"line":618,"column":8}},{"start":{"line":618,"column":8},"end":{"line":618,"column":8}}]},"91":{"line":636,"type":"if","locations":[{"start":{"line":636,"column":8},"end":{"line":636,"column":8}},{"start":{"line":636,"column":8},"end":{"line":636,"column":8}}]},"92":{"line":637,"type":"if","locations":[{"start":{"line":637,"column":8},"end":{"line":637,"column":8}},{"start":{"line":637,"column":8},"end":{"line":637,"column":8}}]},"93":{"line":642,"type":"if","locations":[{"start":{"line":642,"column":12},"end":{"line":642,"column":12}},{"start":{"line":642,"column":12},"end":{"line":642,"column":12}}]},"94":{"line":643,"type":"if","locations":[{"start":{"line":643,"column":16},"end":{"line":643,"column":16}},{"start":{"line":643,"column":16},"end":{"line":643,"column":16}}]},"95":{"line":659,"type":"if","locations":[{"start":{"line":659,"column":8},"end":{"line":659,"column":8}},{"start":{"line":659,"column":8},"end":{"line":659,"column":8}}]},"96":{"line":674,"type":"if","locations":[{"start":{"line":674,"column":8},"end":{"line":674,"column":8}},{"start":{"line":674,"column":8},"end":{"line":674,"column":8}}]},"97":{"line":683,"type":"if","locations":[{"start":{"line":683,"column":12},"end":{"line":683,"column":12}},{"start":{"line":683,"column":12},"end":{"line":683,"column":12}}]},"98":{"line":683,"type":"cond-expr","locations":[{"start":{"line":683,"column":16},"end":{"line":683,"column":41}},{"start":{"line":683,"column":46},"end":{"line":683,"column":105}}]},"99":{"line":685,"type":"if","locations":[{"start":{"line":685,"column":19},"end":{"line":685,"column":19}},{"start":{"line":685,"column":19},"end":{"line":685,"column":19}}]},"100":{"line":688,"type":"if","locations":[{"start":{"line":688,"column":17},"end":{"line":688,"column":17}},{"start":{"line":688,"column":17},"end":{"line":688,"column":17}}]},"101":{"line":695,"type":"if","locations":[{"start":{"line":695,"column":8},"end":{"line":695,"column":8}},{"start":{"line":695,"column":8},"end":{"line":695,"column":8}}]},"102":{"line":697,"type":"if","locations":[{"start":{"line":697,"column":15},"end":{"line":697,"column":15}},{"start":{"line":697,"column":15},"end":{"line":697,"column":15}}]},"103":{"line":709,"type":"if","locations":[{"start":{"line":709,"column":8},"end":{"line":709,"column":8}},{"start":{"line":709,"column":8},"end":{"line":709,"column":8}}]},"104":{"line":719,"type":"if","locations":[{"start":{"line":719,"column":12},"end":{"line":719,"column":12}},{"start":{"line":719,"column":12},"end":{"line":719,"column":12}}]},"105":{"line":720,"type":"if","locations":[{"start":{"line":720,"column":16},"end":{"line":720,"column":16}},{"start":{"line":720,"column":16},"end":{"line":720,"column":16}}]},"106":{"line":752,"type":"if","locations":[{"start":{"line":752,"column":8},"end":{"line":752,"column":8}},{"start":{"line":752,"column":8},"end":{"line":752,"column":8}}]},"107":{"line":754,"type":"if","locations":[{"start":{"line":754,"column":12},"end":{"line":754,"column":78}},{"start":{"line":755,"column":12},"end":{"line":755,"column":63}}]},"108":{"line":769,"type":"if","locations":[{"start":{"line":769,"column":8},"end":{"line":769,"column":8}},{"start":{"line":769,"column":8},"end":{"line":769,"column":8}}]},"109":{"line":772,"type":"if","locations":[{"start":{"line":772,"column":12},"end":{"line":772,"column":12}},{"start":{"line":772,"column":12},"end":{"line":772,"column":12}}]},"110":{"line":776,"type":"if","locations":[{"start":{"line":776,"column":12},"end":{"line":776,"column":12}},{"start":{"line":776,"column":12},"end":{"line":776,"column":12}}]},"111":{"line":777,"type":"if","locations":[{"start":{"line":777,"column":12},"end":{"line":777,"column":12}},{"start":{"line":777,"column":12},"end":{"line":777,"column":12}}]},"112":{"line":779,"type":"if","locations":[{"start":{"line":779,"column":16},"end":{"line":779,"column":16}},{"start":{"line":779,"column":16},"end":{"line":779,"column":16}}]},"113":{"line":783,"type":"if","locations":[{"start":{"line":783,"column":20},"end":{"line":783,"column":20}},{"start":{"line":783,"column":20},"end":{"line":783,"column":20}}]},"114":{"line":788,"type":"if","locations":[{"start":{"line":788,"column":20},"end":{"line":788,"column":20}},{"start":{"line":788,"column":20},"end":{"line":788,"column":20}}]},"115":{"line":801,"type":"if","locations":[{"start":{"line":801,"column":20},"end":{"line":801,"column":20}},{"start":{"line":801,"column":20},"end":{"line":801,"column":20}}]},"116":{"line":820,"type":"if","locations":[{"start":{"line":820,"column":8},"end":{"line":820,"column":8}},{"start":{"line":820,"column":8},"end":{"line":820,"column":8}}]},"117":{"line":824,"type":"if","locations":[{"start":{"line":824,"column":12},"end":{"line":824,"column":12}},{"start":{"line":824,"column":12},"end":{"line":824,"column":12}}]},"118":{"line":825,"type":"if","locations":[{"start":{"line":825,"column":16},"end":{"line":825,"column":16}},{"start":{"line":825,"column":16},"end":{"line":825,"column":16}}]},"119":{"line":826,"type":"if","locations":[{"start":{"line":826,"column":16},"end":{"line":826,"column":16}},{"start":{"line":826,"column":16},"end":{"line":826,"column":16}}]},"120":{"line":827,"type":"if","locations":[{"start":{"line":827,"column":16},"end":{"line":827,"column":16}},{"start":{"line":827,"column":16},"end":{"line":827,"column":16}}]},"121":{"line":832,"type":"if","locations":[{"start":{"line":832,"column":20},"end":{"line":832,"column":20}},{"start":{"line":832,"column":20},"end":{"line":832,"column":20}}]},"122":{"line":858,"type":"if","locations":[{"start":{"line":858,"column":8},"end":{"line":858,"column":8}},{"start":{"line":858,"column":8},"end":{"line":858,"column":8}}]},"123":{"line":861,"type":"if","locations":[{"start":{"line":861,"column":12},"end":{"line":861,"column":12}},{"start":{"line":861,"column":12},"end":{"line":861,"column":12}}]},"124":{"line":862,"type":"if","locations":[{"start":{"line":862,"column":16},"end":{"line":862,"column":16}},{"start":{"line":862,"column":16},"end":{"line":862,"column":16}}]},"125":{"line":874,"type":"if","locations":[{"start":{"line":874,"column":24},"end":{"line":874,"column":24}},{"start":{"line":874,"column":24},"end":{"line":874,"column":24}}]},"126":{"line":907,"type":"if","locations":[{"start":{"line":907,"column":134},"end":{"line":907,"column":134}},{"start":{"line":907,"column":134},"end":{"line":907,"column":134}}]},"127":{"line":909,"type":"if","locations":[{"start":{"line":909,"column":8},"end":{"line":909,"column":8}},{"start":{"line":909,"column":8},"end":{"line":909,"column":8}}]},"128":{"line":909,"type":"cond-expr","locations":[{"start":{"line":909,"column":11},"end":{"line":909,"column":29}},{"start":{"line":909,"column":34},"end":{"line":909,"column":53}}]},"129":{"line":909,"type":"cond-expr","locations":[{"start":{"line":909,"column":11},"end":{"line":909,"column":53}},{"start":{"line":909,"column":58},"end":{"line":909,"column":72}}]},"130":{"line":922,"type":"if","locations":[{"start":{"line":922,"column":8},"end":{"line":922,"column":8}},{"start":{"line":922,"column":8},"end":{"line":922,"column":8}}]},"131":{"line":928,"type":"if","locations":[{"start":{"line":928,"column":8},"end":{"line":928,"column":8}},{"start":{"line":928,"column":8},"end":{"line":928,"column":8}}]}}},"contracts/EnderBondLiquidityDeposit.sol":{"l":{"77":98,"78":98,"79":98,"80":98,"81":98,"82":98,"83":98,"84":98,"85":98,"86":98,"90":8,"91":8,"95":0,"96":0,"100":0,"101":0,"102":0,"112":0,"113":0,"114":0,"115":0,"125":0,"126":0,"135":5,"136":5,"146":0,"148":0,"168":8,"169":7,"170":7,"171":7,"172":7,"173":7,"175":7,"176":0,"177":0,"180":0,"183":7,"185":7,"186":7,"194":7,"204":2,"205":2,"213":2,"222":1,"223":1,"227":7,"243":7,"244":7},"path":"/Users/demis/Documents/GitHub/ender-v1/contracts/EnderBondLiquidityDeposit.sol","s":{"1":98,"2":98,"3":98,"4":98,"5":8,"6":0,"7":0,"8":0,"9":0,"10":0,"11":0,"12":0,"13":5,"14":0,"15":0,"16":0,"17":0,"18":8,"19":7,"20":7,"21":7,"22":7,"23":7,"24":7,"25":0,"26":0,"27":0,"28":7,"29":7,"30":2,"31":2,"32":1,"33":1,"34":7,"35":7,"36":7},"b":{"1":[98,0],"2":[0,8],"3":[0,0],"4":[0,0],"5":[0,0],"6":[0,0],"7":[0,0],"8":[5,0],"9":[0,0],"10":[0,0],"11":[0,0],"12":[0,0],"13":[0,0],"14":[8,0],"15":[8,0],"16":[1,7],"17":[0,7],"18":[0,0],"19":[0,7],"20":[0,7],"21":[0,0],"22":[7,0],"23":[0,7],"24":[0,0],"25":[0,0],"26":[1,0],"27":[1,0]},"f":{"1":98,"2":8,"3":0,"4":0,"5":0,"6":0,"7":5,"8":0,"9":8,"10":2,"11":1,"12":7,"13":7},"fnMap":{"1":{"name":"initialize","line":76,"loc":{"start":{"line":76,"column":4},"end":{"line":87,"column":4}}},"2":{"name":"depositEnabled","line":89,"loc":{"start":{"line":89,"column":4},"end":{"line":92,"column":4}}},"3":{"name":"onlyBond","line":94,"loc":{"start":{"line":94,"column":4},"end":{"line":97,"column":4}}},"4":{"name":"setsigner","line":99,"loc":{"start":{"line":99,"column":4},"end":{"line":103,"column":4}}},"5":{"name":"setBondableTokens","line":111,"loc":{"start":{"line":111,"column":4},"end":{"line":117,"column":4}}},"6":{"name":"setMinDepAmount","line":124,"loc":{"start":{"line":124,"column":4},"end":{"line":127,"column":4}}},"7":{"name":"setDepositEnable","line":134,"loc":{"start":{"line":134,"column":4},"end":{"line":137,"column":4}}},"8":{"name":"setAddress","line":145,"loc":{"start":{"line":145,"column":4},"end":{"line":151,"column":4}}},"9":{"name":"deposit","line":167,"loc":{"start":{"line":161,"column":4},"end":{"line":195,"column":4}}},"10":{"name":"depositedIntoBond","line":201,"loc":{"start":{"line":201,"column":4},"end":{"line":214,"column":4}}},"11":{"name":"approvalForBond","line":221,"loc":{"start":{"line":221,"column":4},"end":{"line":224,"column":4}}},"12":{"name":"_hash","line":226,"loc":{"start":{"line":226,"column":4},"end":{"line":237,"column":4}}},"13":{"name":"_verify","line":242,"loc":{"start":{"line":242,"column":4},"end":{"line":245,"column":4}}}},"statementMap":{"1":{"start":{"line":77,"column":8},"end":{"line":77,"column":23}},"2":{"start":{"line":78,"column":8},"end":{"line":78,"column":31}},"3":{"start":{"line":79,"column":8},"end":{"line":79,"column":55}},"4":{"start":{"line":84,"column":8},"end":{"line":84,"column":32}},"5":{"start":{"line":90,"column":8},"end":{"line":90,"column":54}},"6":{"start":{"line":95,"column":8},"end":{"line":95,"column":56}},"7":{"start":{"line":100,"column":8},"end":{"line":100,"column":62}},"8":{"start":{"line":102,"column":8},"end":{"line":102,"column":30}},"9":{"start":{"line":112,"column":8},"end":{"line":112,"column":38}},"10":{"start":{"line":113,"column":8},"end":{"line":113,"column":4330}},"11":{"start":{"line":115,"column":12},"end":{"line":115,"column":54}},"12":{"start":{"line":126,"column":8},"end":{"line":126,"column":34}},"13":{"start":{"line":136,"column":8},"end":{"line":136,"column":44}},"14":{"start":{"line":146,"column":8},"end":{"line":146,"column":53}},"15":{"start":{"line":148,"column":8},"end":{"line":148,"column":5675}},"16":{"start":{"line":149,"column":13},"end":{"line":149,"column":5719}},"17":{"start":{"line":150,"column":13},"end":{"line":150,"column":46}},"18":{"start":{"line":168,"column":8},"end":{"line":168,"column":64}},"19":{"start":{"line":169,"column":8},"end":{"line":169,"column":68}},"20":{"start":{"line":170,"column":8},"end":{"line":170,"column":84}},"21":{"start":{"line":171,"column":8},"end":{"line":171,"column":67}},"22":{"start":{"line":172,"column":8},"end":{"line":172,"column":47}},"23":{"start":{"line":173,"column":8},"end":{"line":173,"column":95}},"24":{"start":{"line":175,"column":8},"end":{"line":175,"column":6851}},"25":{"start":{"line":176,"column":12},"end":{"line":176,"column":62}},"26":{"start":{"line":177,"column":12},"end":{"line":177,"column":6959}},"27":{"start":{"line":180,"column":12},"end":{"line":180,"column":50}},"28":{"start":{"line":183,"column":12},"end":{"line":183,"column":75}},"29":{"start":{"line":194,"column":8},"end":{"line":194,"column":76}},"30":{"start":{"line":205,"column":8},"end":{"line":205,"column":8062}},"31":{"start":{"line":213,"column":8},"end":{"line":213,"column":94}},"32":{"start":{"line":222,"column":8},"end":{"line":222,"column":60}},"33":{"start":{"line":223,"column":8},"end":{"line":223,"column":44}},"34":{"start":{"line":227,"column":8},"end":{"line":227,"column":8894}},"35":{"start":{"line":243,"column":8},"end":{"line":243,"column":40}},"36":{"start":{"line":244,"column":8},"end":{"line":244,"column":67}}},"branchMap":{"1":{"line":76,"type":"if","locations":[{"start":{"line":76,"column":95},"end":{"line":76,"column":95}},{"start":{"line":76,"column":95},"end":{"line":76,"column":95}}]},"2":{"line":90,"type":"if","locations":[{"start":{"line":90,"column":8},"end":{"line":90,"column":8}},{"start":{"line":90,"column":8},"end":{"line":90,"column":8}}]},"3":{"line":95,"type":"if","locations":[{"start":{"line":95,"column":8},"end":{"line":95,"column":8}},{"start":{"line":95,"column":8},"end":{"line":95,"column":8}}]},"4":{"line":99,"type":"if","locations":[{"start":{"line":99,"column":49},"end":{"line":99,"column":49}},{"start":{"line":99,"column":49},"end":{"line":99,"column":49}}]},"5":{"line":100,"type":"if","locations":[{"start":{"line":100,"column":8},"end":{"line":100,"column":8}},{"start":{"line":100,"column":8},"end":{"line":100,"column":8}}]},"6":{"line":111,"type":"if","locations":[{"start":{"line":111,"column":81},"end":{"line":111,"column":81}},{"start":{"line":111,"column":81},"end":{"line":111,"column":81}}]},"7":{"line":124,"type":"if","locations":[{"start":{"line":124,"column":50},"end":{"line":124,"column":50}},{"start":{"line":124,"column":50},"end":{"line":124,"column":50}}]},"8":{"line":134,"type":"if","locations":[{"start":{"line":134,"column":58},"end":{"line":134,"column":58}},{"start":{"line":134,"column":58},"end":{"line":134,"column":58}}]},"9":{"line":145,"type":"if","locations":[{"start":{"line":145,"column":61},"end":{"line":145,"column":61}},{"start":{"line":145,"column":61},"end":{"line":145,"column":61}}]},"10":{"line":146,"type":"if","locations":[{"start":{"line":146,"column":8},"end":{"line":146,"column":8}},{"start":{"line":146,"column":8},"end":{"line":146,"column":8}}]},"11":{"line":148,"type":"if","locations":[{"start":{"line":148,"column":8},"end":{"line":148,"column":8}},{"start":{"line":148,"column":8},"end":{"line":148,"column":8}}]},"12":{"line":149,"type":"if","locations":[{"start":{"line":149,"column":13},"end":{"line":149,"column":13}},{"start":{"line":149,"column":13},"end":{"line":149,"column":13}}]},"13":{"line":150,"type":"if","locations":[{"start":{"line":150,"column":13},"end":{"line":150,"column":13}},{"start":{"line":150,"column":13},"end":{"line":150,"column":13}}]},"14":{"line":167,"type":"if","locations":[{"start":{"line":167,"column":23},"end":{"line":167,"column":23}},{"start":{"line":167,"column":23},"end":{"line":167,"column":23}}]},"15":{"line":167,"type":"if","locations":[{"start":{"line":167,"column":36},"end":{"line":167,"column":36}},{"start":{"line":167,"column":36},"end":{"line":167,"column":36}}]},"16":{"line":168,"type":"if","locations":[{"start":{"line":168,"column":8},"end":{"line":168,"column":8}},{"start":{"line":168,"column":8},"end":{"line":168,"column":8}}]},"17":{"line":169,"type":"if","locations":[{"start":{"line":169,"column":8},"end":{"line":169,"column":8}},{"start":{"line":169,"column":8},"end":{"line":169,"column":8}}]},"18":{"line":169,"type":"cond-expr","locations":[{"start":{"line":169,"column":12},"end":{"line":169,"column":23}},{"start":{"line":169,"column":28},"end":{"line":169,"column":41}}]},"19":{"line":170,"type":"if","locations":[{"start":{"line":170,"column":8},"end":{"line":170,"column":8}},{"start":{"line":170,"column":8},"end":{"line":170,"column":8}}]},"20":{"line":171,"type":"if","locations":[{"start":{"line":171,"column":8},"end":{"line":171,"column":8}},{"start":{"line":171,"column":8},"end":{"line":171,"column":8}}]},"21":{"line":171,"type":"cond-expr","locations":[{"start":{"line":171,"column":12},"end":{"line":171,"column":22}},{"start":{"line":171,"column":27},"end":{"line":171,"column":41}}]},"22":{"line":173,"type":"if","locations":[{"start":{"line":173,"column":8},"end":{"line":173,"column":8}},{"start":{"line":173,"column":8},"end":{"line":173,"column":8}}]},"23":{"line":175,"type":"if","locations":[{"start":{"line":175,"column":8},"end":{"line":175,"column":8}},{"start":{"line":175,"column":8},"end":{"line":175,"column":8}}]},"24":{"line":176,"type":"if","locations":[{"start":{"line":176,"column":12},"end":{"line":176,"column":12}},{"start":{"line":176,"column":12},"end":{"line":176,"column":12}}]},"25":{"line":180,"type":"if","locations":[{"start":{"line":180,"column":12},"end":{"line":180,"column":12}},{"start":{"line":180,"column":12},"end":{"line":180,"column":12}}]},"26":{"line":221,"type":"if","locations":[{"start":{"line":221,"column":70},"end":{"line":221,"column":70}},{"start":{"line":221,"column":70},"end":{"line":221,"column":70}}]},"27":{"line":222,"type":"if","locations":[{"start":{"line":222,"column":8},"end":{"line":222,"column":8}},{"start":{"line":222,"column":8},"end":{"line":222,"column":8}}]}}},"contracts/EnderStaking.sol":{"l":{"54":99,"55":99,"56":99,"57":99,"58":99,"59":99,"60":99,"61":99,"62":99,"63":99,"64":99,"68":23,"69":22,"73":17,"74":16,"78":38,"79":36,"83":11,"84":11,"88":5,"89":5,"93":10,"94":10,"98":4,"99":2,"100":2,"104":594,"106":593,"112":593,"118":4,"120":2,"121":2,"127":5,"128":5,"137":21,"138":20,"139":3,"140":3,"142":17,"143":17,"144":15,"145":15,"146":15,"147":15,"148":14,"151":2,"152":2,"153":2,"154":2,"156":16,"164":15,"165":13,"168":11,"169":11,"171":11,"172":11,"173":11,"179":16,"180":15,"181":15,"184":15,"186":5,"187":5,"188":5,"189":5,"190":5,"191":5,"192":5,"194":15,"198":24,"199":16,"200":16,"202":8,"203":8,"208":29,"209":29,"210":29,"211":4,"213":25,"218":11,"220":11,"224":3,"240":3,"241":3},"path":"/Users/demis/Documents/GitHub/ender-v1/contracts/EnderStaking.sol","s":{"1":99,"2":99,"3":99,"4":99,"5":99,"6":23,"7":17,"8":38,"9":11,"10":5,"11":10,"12":4,"13":2,"14":594,"15":593,"16":494,"17":395,"18":296,"19":197,"20":593,"21":4,"22":2,"23":5,"24":21,"25":20,"26":3,"27":3,"28":17,"29":17,"30":15,"31":15,"32":15,"33":15,"34":14,"35":2,"36":2,"37":2,"38":2,"39":16,"40":15,"41":13,"42":11,"43":11,"44":11,"45":11,"46":11,"47":16,"48":15,"49":15,"50":5,"51":5,"52":5,"53":5,"54":5,"55":5,"56":15,"57":24,"58":16,"59":8,"60":29,"61":29,"62":29,"63":11,"64":3,"65":3,"66":3},"b":{"1":[99,1],"2":[1,22],"3":[1,16],"4":[2,36],"5":[11,2],"6":[5,2],"7":[10,2],"8":[4,2],"9":[2,2],"10":[594,1],"11":[1,593],"12":[99,494],"13":[99,395],"14":[99,296],"15":[99,197],"16":[99,98],"17":[4,2],"18":[2,2],"19":[5,2],"20":[22,1],"21":[21,1],"22":[1,20],"23":[3,17],"24":[3,0],"25":[2,1],"26":[15,2],"27":[16,1],"28":[15,1],"29":[2,13],"30":[2,11],"31":[1,15],"32":[5,10],"33":[16,8],"34":[4,25],"35":[3,1]},"f":{"1":99,"2":23,"3":17,"4":38,"5":11,"6":5,"7":10,"8":4,"9":594,"10":4,"11":5,"12":21,"13":15,"14":16,"15":24,"16":29,"17":11,"18":3,"19":3},"fnMap":{"1":{"name":"initialize","line":53,"loc":{"start":{"line":53,"column":4},"end":{"line":65,"column":4}}},"2":{"name":"stakingEnabled","line":67,"loc":{"start":{"line":67,"column":4},"end":{"line":70,"column":4}}},"3":{"name":"unstakeEnabled","line":72,"loc":{"start":{"line":72,"column":4},"end":{"line":75,"column":4}}},"4":{"name":"stakingContractPaused","line":77,"loc":{"start":{"line":77,"column":4},"end":{"line":80,"column":4}}},"5":{"name":"setStakingEnable","line":82,"loc":{"start":{"line":82,"column":4},"end":{"line":85,"column":4}}},"6":{"name":"setUnstakeEnable","line":87,"loc":{"start":{"line":87,"column":4},"end":{"line":90,"column":4}}},"7":{"name":"setStakingPause","line":92,"loc":{"start":{"line":92,"column":4},"end":{"line":95,"column":4}}},"8":{"name":"setsigner","line":97,"loc":{"start":{"line":97,"column":4},"end":{"line":101,"column":4}}},"9":{"name":"setAddress","line":103,"loc":{"start":{"line":103,"column":4},"end":{"line":115,"column":4}}},"10":{"name":"setBondRewardPercentage","line":117,"loc":{"start":{"line":117,"column":4},"end":{"line":124,"column":4}}},"11":{"name":"whitelist","line":126,"loc":{"start":{"line":126,"column":4},"end":{"line":129,"column":4}}},"12":{"name":"stake","line":135,"loc":{"start":{"line":135,"column":4},"end":{"line":157,"column":4}}},"13":{"name":"unstake","line":163,"loc":{"start":{"line":163,"column":4},"end":{"line":175,"column":4}}},"14":{"name":"epochStakingReward","line":178,"loc":{"start":{"line":178,"column":4},"end":{"line":195,"column":4}}},"15":{"name":"calculateSEndTokens","line":197,"loc":{"start":{"line":197,"column":4},"end":{"line":205,"column":4}}},"16":{"name":"calculateRebaseIndex","line":207,"loc":{"start":{"line":207,"column":4},"end":{"line":215,"column":4}}},"17":{"name":"claimRebaseValue","line":217,"loc":{"start":{"line":217,"column":4},"end":{"line":221,"column":4}}},"18":{"name":"_hash","line":223,"loc":{"start":{"line":223,"column":4},"end":{"line":234,"column":4}}},"19":{"name":"_verify","line":239,"loc":{"start":{"line":239,"column":4},"end":{"line":242,"column":4}}}},"statementMap":{"1":{"start":{"line":54,"column":8},"end":{"line":54,"column":23}},"2":{"start":{"line":55,"column":8},"end":{"line":55,"column":55}},"3":{"start":{"line":61,"column":8},"end":{"line":61,"column":26}},"4":{"start":{"line":62,"column":8},"end":{"line":62,"column":27}},"5":{"start":{"line":63,"column":8},"end":{"line":63,"column":28}},"6":{"start":{"line":68,"column":8},"end":{"line":68,"column":54}},"7":{"start":{"line":73,"column":8},"end":{"line":73,"column":54}},"8":{"start":{"line":78,"column":8},"end":{"line":78,"column":61}},"9":{"start":{"line":84,"column":8},"end":{"line":84,"column":38}},"10":{"start":{"line":89,"column":8},"end":{"line":89,"column":38}},"11":{"start":{"line":94,"column":8},"end":{"line":94,"column":45}},"12":{"start":{"line":98,"column":8},"end":{"line":98,"column":55}},"13":{"start":{"line":100,"column":8},"end":{"line":100,"column":30}},"14":{"start":{"line":104,"column":8},"end":{"line":104,"column":53}},"15":{"start":{"line":106,"column":8},"end":{"line":106,"column":3830}},"16":{"start":{"line":107,"column":13},"end":{"line":107,"column":3878}},"17":{"start":{"line":108,"column":13},"end":{"line":108,"column":3930}},"18":{"start":{"line":109,"column":13},"end":{"line":109,"column":3977}},"19":{"start":{"line":110,"column":13},"end":{"line":110,"column":42}},"20":{"start":{"line":112,"column":9},"end":{"line":112,"column":42}},"21":{"start":{"line":118,"column":8},"end":{"line":118,"column":48}},"22":{"start":{"line":121,"column":10},"end":{"line":121,"column":51}},"23":{"start":{"line":128,"column":8},"end":{"line":128,"column":38}},"24":{"start":{"line":137,"column":8},"end":{"line":137,"column":47}},"25":{"start":{"line":138,"column":8},"end":{"line":138,"column":4742}},"26":{"start":{"line":139,"column":12},"end":{"line":139,"column":51}},"27":{"start":{"line":140,"column":12},"end":{"line":140,"column":92}},"28":{"start":{"line":142,"column":8},"end":{"line":142,"column":52}},"29":{"start":{"line":143,"column":8},"end":{"line":143,"column":4981}},"30":{"start":{"line":144,"column":12},"end":{"line":144,"column":60}},"31":{"start":{"line":145,"column":12},"end":{"line":145,"column":56}},"32":{"start":{"line":146,"column":12},"end":{"line":146,"column":61}},"33":{"start":{"line":147,"column":12},"end":{"line":147,"column":79}},"34":{"start":{"line":148,"column":12},"end":{"line":148,"column":33}},"35":{"start":{"line":151,"column":12},"end":{"line":151,"column":79}},"36":{"start":{"line":152,"column":12},"end":{"line":152,"column":60}},"37":{"start":{"line":153,"column":12},"end":{"line":153,"column":54}},"38":{"start":{"line":154,"column":12},"end":{"line":154,"column":61}},"39":{"start":{"line":156,"column":8},"end":{"line":156,"column":38}},"40":{"start":{"line":164,"column":8},"end":{"line":164,"column":47}},"41":{"start":{"line":165,"column":8},"end":{"line":165,"column":88}},"42":{"start":{"line":168,"column":8},"end":{"line":168,"column":49}},"43":{"start":{"line":169,"column":8},"end":{"line":169,"column":69}},"44":{"start":{"line":171,"column":8},"end":{"line":171,"column":56}},"45":{"start":{"line":172,"column":8},"end":{"line":172,"column":53}},"46":{"start":{"line":173,"column":8},"end":{"line":173,"column":40}},"47":{"start":{"line":179,"column":8},"end":{"line":179,"column":47}},"48":{"start":{"line":180,"column":8},"end":{"line":180,"column":87}},"49":{"start":{"line":184,"column":8},"end":{"line":184,"column":6762}},"50":{"start":{"line":187,"column":12},"end":{"line":187,"column":76}},"51":{"start":{"line":188,"column":12},"end":{"line":188,"column":72}},"52":{"start":{"line":189,"column":12},"end":{"line":189,"column":73}},"53":{"start":{"line":190,"column":12},"end":{"line":190,"column":60}},"54":{"start":{"line":191,"column":12},"end":{"line":191,"column":64}},"55":{"start":{"line":192,"column":12},"end":{"line":192,"column":92}},"56":{"start":{"line":194,"column":8},"end":{"line":194,"column":29}},"57":{"start":{"line":198,"column":8},"end":{"line":198,"column":7528}},"58":{"start":{"line":200,"column":12},"end":{"line":200,"column":29}},"59":{"start":{"line":203,"column":12},"end":{"line":203,"column":29}},"60":{"start":{"line":208,"column":8},"end":{"line":208,"column":77}},"61":{"start":{"line":209,"column":8},"end":{"line":209,"column":69}},"62":{"start":{"line":210,"column":8},"end":{"line":210,"column":7954}},"63":{"start":{"line":218,"column":8},"end":{"line":218,"column":53}},"64":{"start":{"line":224,"column":8},"end":{"line":224,"column":8442}},"65":{"start":{"line":240,"column":8},"end":{"line":240,"column":40}},"66":{"start":{"line":241,"column":8},"end":{"line":241,"column":67}}},"branchMap":{"1":{"line":53,"type":"if","locations":[{"start":{"line":53,"column":95},"end":{"line":53,"column":95}},{"start":{"line":53,"column":95},"end":{"line":53,"column":95}}]},"2":{"line":68,"type":"if","locations":[{"start":{"line":68,"column":8},"end":{"line":68,"column":8}},{"start":{"line":68,"column":8},"end":{"line":68,"column":8}}]},"3":{"line":73,"type":"if","locations":[{"start":{"line":73,"column":8},"end":{"line":73,"column":8}},{"start":{"line":73,"column":8},"end":{"line":73,"column":8}}]},"4":{"line":78,"type":"if","locations":[{"start":{"line":78,"column":8},"end":{"line":78,"column":8}},{"start":{"line":78,"column":8},"end":{"line":78,"column":8}}]},"5":{"line":82,"type":"if","locations":[{"start":{"line":82,"column":53},"end":{"line":82,"column":53}},{"start":{"line":82,"column":53},"end":{"line":82,"column":53}}]},"6":{"line":87,"type":"if","locations":[{"start":{"line":87,"column":53},"end":{"line":87,"column":53}},{"start":{"line":87,"column":53},"end":{"line":87,"column":53}}]},"7":{"line":92,"type":"if","locations":[{"start":{"line":92,"column":52},"end":{"line":92,"column":52}},{"start":{"line":92,"column":52},"end":{"line":92,"column":52}}]},"8":{"line":97,"type":"if","locations":[{"start":{"line":97,"column":49},"end":{"line":97,"column":49}},{"start":{"line":97,"column":49},"end":{"line":97,"column":49}}]},"9":{"line":98,"type":"if","locations":[{"start":{"line":98,"column":8},"end":{"line":98,"column":8}},{"start":{"line":98,"column":8},"end":{"line":98,"column":8}}]},"10":{"line":103,"type":"if","locations":[{"start":{"line":103,"column":61},"end":{"line":103,"column":61}},{"start":{"line":103,"column":61},"end":{"line":103,"column":61}}]},"11":{"line":104,"type":"if","locations":[{"start":{"line":104,"column":8},"end":{"line":104,"column":8}},{"start":{"line":104,"column":8},"end":{"line":104,"column":8}}]},"12":{"line":106,"type":"if","locations":[{"start":{"line":106,"column":8},"end":{"line":106,"column":8}},{"start":{"line":106,"column":8},"end":{"line":106,"column":8}}]},"13":{"line":107,"type":"if","locations":[{"start":{"line":107,"column":13},"end":{"line":107,"column":13}},{"start":{"line":107,"column":13},"end":{"line":107,"column":13}}]},"14":{"line":108,"type":"if","locations":[{"start":{"line":108,"column":13},"end":{"line":108,"column":13}},{"start":{"line":108,"column":13},"end":{"line":108,"column":13}}]},"15":{"line":109,"type":"if","locations":[{"start":{"line":109,"column":13},"end":{"line":109,"column":13}},{"start":{"line":109,"column":13},"end":{"line":109,"column":13}}]},"16":{"line":110,"type":"if","locations":[{"start":{"line":110,"column":13},"end":{"line":110,"column":13}},{"start":{"line":110,"column":13},"end":{"line":110,"column":13}}]},"17":{"line":117,"type":"if","locations":[{"start":{"line":117,"column":63},"end":{"line":117,"column":63}},{"start":{"line":117,"column":63},"end":{"line":117,"column":63}}]},"18":{"line":118,"type":"if","locations":[{"start":{"line":118,"column":8},"end":{"line":118,"column":8}},{"start":{"line":118,"column":8},"end":{"line":118,"column":8}}]},"19":{"line":126,"type":"if","locations":[{"start":{"line":126,"column":46},"end":{"line":126,"column":46}},{"start":{"line":126,"column":46},"end":{"line":126,"column":46}}]},"20":{"line":135,"type":"if","locations":[{"start":{"line":135,"column":70},"end":{"line":135,"column":70}},{"start":{"line":135,"column":70},"end":{"line":135,"column":70}}]},"21":{"line":135,"type":"if","locations":[{"start":{"line":135,"column":85},"end":{"line":135,"column":85}},{"start":{"line":135,"column":85},"end":{"line":135,"column":85}}]},"22":{"line":137,"type":"if","locations":[{"start":{"line":137,"column":8},"end":{"line":137,"column":8}},{"start":{"line":137,"column":8},"end":{"line":137,"column":8}}]},"23":{"line":138,"type":"if","locations":[{"start":{"line":138,"column":8},"end":{"line":138,"column":8}},{"start":{"line":138,"column":8},"end":{"line":138,"column":8}}]},"24":{"line":140,"type":"if","locations":[{"start":{"line":140,"column":12},"end":{"line":140,"column":12}},{"start":{"line":140,"column":12},"end":{"line":140,"column":12}}]},"25":{"line":140,"type":"cond-expr","locations":[{"start":{"line":140,"column":15},"end":{"line":140,"column":35}},{"start":{"line":140,"column":40},"end":{"line":140,"column":66}}]},"26":{"line":143,"type":"if","locations":[{"start":{"line":143,"column":8},"end":{"line":143,"column":8}},{"start":{"line":143,"column":8},"end":{"line":143,"column":8}}]},"27":{"line":163,"type":"if","locations":[{"start":{"line":163,"column":46},"end":{"line":163,"column":46}},{"start":{"line":163,"column":46},"end":{"line":163,"column":46}}]},"28":{"line":163,"type":"if","locations":[{"start":{"line":163,"column":61},"end":{"line":163,"column":61}},{"start":{"line":163,"column":61},"end":{"line":163,"column":61}}]},"29":{"line":164,"type":"if","locations":[{"start":{"line":164,"column":8},"end":{"line":164,"column":8}},{"start":{"line":164,"column":8},"end":{"line":164,"column":8}}]},"30":{"line":165,"type":"if","locations":[{"start":{"line":165,"column":8},"end":{"line":165,"column":8}},{"start":{"line":165,"column":8},"end":{"line":165,"column":8}}]},"31":{"line":179,"type":"if","locations":[{"start":{"line":179,"column":8},"end":{"line":179,"column":8}},{"start":{"line":179,"column":8},"end":{"line":179,"column":8}}]},"32":{"line":184,"type":"if","locations":[{"start":{"line":184,"column":8},"end":{"line":184,"column":8}},{"start":{"line":184,"column":8},"end":{"line":184,"column":8}}]},"33":{"line":198,"type":"if","locations":[{"start":{"line":198,"column":8},"end":{"line":198,"column":8}},{"start":{"line":198,"column":8},"end":{"line":198,"column":8}}]},"34":{"line":210,"type":"if","locations":[{"start":{"line":210,"column":8},"end":{"line":210,"column":8}},{"start":{"line":210,"column":8},"end":{"line":210,"column":8}}]},"35":{"line":210,"type":"cond-expr","locations":[{"start":{"line":210,"column":12},"end":{"line":210,"column":29}},{"start":{"line":210,"column":34},"end":{"line":210,"column":53}}]}}},"contracts/EnderTreasury.sol":{"l":{"83":99,"84":99,"85":99,"86":99,"87":99,"88":99,"89":99,"90":99,"91":99,"92":99,"93":99,"94":99,"95":99,"96":99,"100":32,"101":31,"105":201,"106":197,"110":16,"111":15,"122":233,"124":233,"138":103,"140":101,"141":101,"147":0,"149":0,"163":8,"164":8,"165":8,"166":8,"167":8,"173":8,"174":8,"178":2,"179":2,"183":145,"184":145,"185":4,"187":145,"188":145,"190":145,"194":18,"195":0,"196":0,"201":15,"202":15,"203":15,"205":15,"206":10,"207":10,"208":10,"209":10,"210":10,"211":5,"213":10,"214":10,"216":5,"218":5,"219":5,"220":5,"221":5,"222":5,"223":5,"224":5,"225":5,"226":5,"227":5,"240":21,"241":20,"242":18,"243":18,"244":18,"245":18,"247":0,"248":0,"252":18,"253":18,"254":18,"255":18,"269":10,"270":10,"271":10,"272":10,"274":10,"275":10,"276":10,"277":10,"279":0,"280":0,"282":10,"283":10,"284":10,"285":10,"286":10,"288":10,"296":18,"297":6,"299":18,"300":18,"303":18,"304":18,"314":0,"315":0,"320":34,"321":34,"330":15,"331":15,"332":15,"333":15,"334":10,"337":15,"348":15,"349":15,"350":10,"354":5,"359":6,"361":6,"362":6,"363":6,"364":6,"365":5,"367":6,"368":6,"373":1,"374":1,"375":0,"376":0},"path":"/Users/demis/Documents/GitHub/ender-v1/contracts/EnderTreasury.sol","s":{"1":99,"2":99,"3":99,"4":99,"5":99,"6":32,"7":201,"8":16,"9":233,"10":233,"11":134,"12":35,"13":35,"14":35,"15":0,"16":103,"17":101,"18":0,"19":0,"20":0,"21":0,"22":0,"23":0,"24":0,"25":8,"26":8,"27":8,"28":8,"29":2,"30":145,"31":4,"32":145,"33":18,"34":0,"35":0,"36":18,"37":15,"38":15,"39":15,"40":10,"41":10,"42":5,"43":5,"44":5,"45":5,"46":21,"47":20,"48":18,"49":18,"50":18,"51":0,"52":0,"53":0,"54":0,"55":18,"56":10,"57":10,"58":10,"59":10,"60":10,"61":0,"62":0,"63":10,"64":10,"65":18,"66":6,"67":18,"68":18,"69":0,"70":0,"71":34,"72":34,"73":15,"74":15,"75":15,"76":15,"77":15,"78":15,"79":6,"80":6,"81":6,"82":6,"83":6,"84":1,"85":1,"86":0,"87":0},"b":{"1":[99,1],"2":[0,99],"3":[1,31],"4":[4,197],"5":[1,15],"6":[233,0],"7":[0,233],"8":[99,134],"9":[99,35],"10":[0,35],"11":[0,35],"12":[35,0],"13":[0,0],"14":[103,2],"15":[2,101],"16":[0,0],"17":[0,0],"18":[0,0],"19":[0,0],"20":[0,0],"21":[0,0],"22":[0,0],"23":[8,0],"24":[0,8],"25":[8,0],"26":[2,4],"27":[145,1],"28":[4,141],"29":[0,18],"30":[0,0],"31":[15,1],"32":[10,5],"33":[5,5],"34":[21,0],"35":[1,20],"36":[2,18],"37":[2,0],"38":[18,0],"39":[0,0],"40":[0,0],"41":[10,1],"42":[0,10],"43":[0,10],"44":[0,0],"45":[10,0],"46":[0,0],"47":[10,0],"48":[18,1],"49":[6,12],"50":[0,1],"51":[34,1],"52":[10,5],"53":[10,5],"54":[5,1],"55":
[...]
egy/eigenlayer/EnderELStrategy.sol","s":{"1":0,"2":0,"3":0,"4":0,"5":0,"6":0,"7":0,"8":0,"9":0,"10":0,"11":0,"12":0,"13":0,"14":0,"15":0,"16":0,"17":0,"18":0,"19":0,"20":0,"21":0,"22":0},"b":{"1":[0,0],"2":[0,0],"3":[0,0],"4":[0,0],"5":[0,0],"6":[0,0],"7":[0,0]},"f":{"1":0,"2":0,"3":0,"4":0,"5":0,"6":0,"7":0},"fnMap":{"1":{"name":"getQueueBlock","line":55,"loc":{"start":{"line":55,"column":4},"end":{"line":57,"column":4}}},"2":{"name":"setTokenStrategy","line":63,"loc":{"start":{"line":63,"column":4},"end":{"line":66,"column":4}}},"3":{"name":"deposit","line":72,"loc":{"start":{"line":72,"column":4},"end":{"line":79,"column":4}}},"4":{"name":"withdrawRequest","line":85,"loc":{"start":{"line":85,"column":4},"end":{"line":103,"column":4}}},"5":{"name":"withdrawStEth","line":109,"loc":{"start":{"line":109,"column":4},"end":{"line":149,"column":4}}},"6":{"name":"checkDeposit","line":156,"loc":{"start":{"line":156,"column":4},"end":{"line":161,"column":4}}},"7":{"name":"hasRequest","line":163,"loc":{"start":{"line":163,"column":4},"end":{"line":165,"column":4}}}},"statementMap":{"1":{"start":{"line":56,"column":8},"end":{"line":56,"column":34}},"2":{"start":{"line":64,"column":8},"end":{"line":64,"column":52}},"3":{"start":{"line":74,"column":8},"end":{"line":74,"column":67}},"4":{"start":{"line":77,"column":8},"end":{"line":77,"column":2259}},"5":{"start":{"line":86,"column":8},"end":{"line":86,"column":69}},"6":{"start":{"line":89,"column":12},"end":{"line":89,"column":52}},"7":{"start":{"line":92,"column":12},"end":{"line":92,"column":52}},"8":{"start":{"line":95,"column":12},"end":{"line":95,"column":57}},"9":{"start":{"line":99,"column":12},"end":{"line":99,"column":94}},"10":{"start":{"line":110,"column":8},"end":{"line":110,"column":65}},"11":{"start":{"line":112,"column":8},"end":{"line":112,"column":3317}},"12":{"start":{"line":117,"column":8},"end":{"line":117,"column":52}},"13":{"start":{"line":120,"column":8},"end":{"line":120,"column":48}},"14":{"start":{"line":123,"column":8},"end":{"line":123,"column":3663}},"15":{"start":{"line":132,"column":8},"end":{"line":132,"column":48}},"16":{"start":{"line":135,"column":8},"end":{"line":135,"column":78}},"17":{"start":{"line":136,"column":8},"end":{"line":136,"column":83}},"18":{"start":{"line":146,"column":8},"end":{"line":146,"column":62}},"19":{"start":{"line":148,"column":8},"end":{"line":148,"column":23}},"20":{"start":{"line":157,"column":8},"end":{"line":157,"column":63}},"21":{"start":{"line":158,"column":8},"end":{"line":158,"column":87}},"22":{"start":{"line":164,"column":8},"end":{"line":164,"column":19}}},"branchMap":{"1":{"line":63,"type":"if","locations":[{"start":{"line":63,"column":53},"end":{"line":63,"column":53}},{"start":{"line":63,"column":53},"end":{"line":63,"column":53}}]},"2":{"line":64,"type":"if","locations":[{"start":{"line":64,"column":8},"end":{"line":64,"column":8}},{"start":{"line":64,"column":8},"end":{"line":64,"column":8}}]},"3":{"line":72,"type":"if","locations":[{"start":{"line":72,"column":53},"end":{"line":72,"column":53}},{"start":{"line":72,"column":53},"end":{"line":72,"column":53}}]},"4":{"line":85,"type":"if","locations":[{"start":{"line":85,"column":63},"end":{"line":85,"column":63}},{"start":{"line":85,"column":63},"end":{"line":85,"column":63}}]},"5":{"line":86,"type":"if","locations":[{"start":{"line":86,"column":8},"end":{"line":86,"column":8}},{"start":{"line":86,"column":8},"end":{"line":86,"column":8}}]},"6":{"line":109,"type":"if","locations":[{"start":{"line":109,"column":61},"end":{"line":109,"column":61}},{"start":{"line":109,"column":61},"end":{"line":109,"column":61}}]},"7":{"line":110,"type":"if","locations":[{"start":{"line":110,"column":8},"end":{"line":110,"column":8}},{"start":{"line":110,"column":8},"end":{"line":110,"column":8}}]}}},"contracts/strategy/instadapp/instadappLite.sol":{"l":{"188":10,"192":0,"235":99,"236":0,"238":99,"245":0,"246":0,"253":0,"260":0,"261":0,"273":0,"281":0,"282":0,"284":0,"292":99,"293":99,"294":99,"459":99,"460":99,"467":0,"475":0,"492":0,"499":45,"506":107,"518":0,"519":0,"520":0,"527":0,"541":10,"542":10,"543":10,"563":0,"564":0,"565":0,"566":0,"580":0,"581":0,"583":0,"584":0,"586":0,"597":28,"599":18,"601":10,"602":10,"603":0,"605":10,"607":10,"611":28,"612":10,"614":10,"617":18,"619":18,"623":28,"635":18,"636":0,"638":18,"650":10,"651":0,"653":10,"672":10,"693":10,"694":0,"696":10,"697":0,"699":10,"700":10,"701":10,"714":0,"715":0,"716":0,"717":0,"719":0,"720":0,"744":99,"750":18,"751":18,"754":18,"757":18,"760":18,"769":10,"772":10,"775":10,"776":10,"777":10,"782":25,"784":25,"786":25,"791":10,"793":10,"794":10},"path":"/Users/demis/Documents/GitHub/ender-v1/contracts/strategy/instadapp/instadappLite.sol","s":{"1":10,"2":0,"3":99,"4":99,"5":0,"6":0,"7":0,"8":0,"9":0,"10":0,"11":99,"12":99,"13":0,"14":0,"15":0,"16":45,"17":107,"18":0,"19":0,"20":0,"21":0,"22":10,"23":10,"24":10,"25":0,"26":0,"27":0,"28":0,"29":0,"30":0,"31":0,"32":28,"33":10,"34":10,"35":28,"36":28,"37":18,"38":18,"39":10,"40":10,"41":10,"42":10,"43":10,"44":10,"45":10,"46":0,"47":0,"48":0,"49":0,"50":18,"51":18,"52":18,"53":18,"54":18,"55":10,"56":10,"57":10,"58":10,"59":10,"60":25,"61":25,"62":25,"63":10,"64":10,"65":10},"b":{"1":[0,99],"2":[0,0],"3":[0,0],"4":[0,0],"5":[0,0],"6":[0,0],"7":[0,0],"8":[18,10],"9":[0,10],"10":[10,18],"11":[0,18],"12":[0,10],"13":[0,10],"14":[0,10],"15":[10,0],"16":[0,0],"17":[0,0],"18":[18,0],"19":[18,0],"20":[18,0],"21":[10,0],"22":[25,0],"23":[10,0]},"f":{"1":10,"2":0,"3":99,"4":0,"5":0,"6":0,"7":0,"8":0,"9":99,"10":99,"11":0,"12":0,"13":0,"14":45,"15":107,"16":0,"17":0,"18":10,"19":0,"20":0,"21":28,"22":18,"23":10,"24":10,"25":10,"26":0,"27":99,"28":18,"29":10,"30":25,"31":10},"fnMap":{"1":{"name":"_msgSender","line":187,"loc":{"start":{"line":187,"column":4},"end":{"line":189,"column":4}}},"2":{"name":"_msgData","line":191,"loc":{"start":{"line":191,"column":4},"end":{"line":193,"column":4}}},"3":{"name":"constructor","line":234,"loc":{"start":{"line":234,"column":4},"end":{"line":239,"column":4}}},"4":{"name":"onlyOwner","line":244,"loc":{"start":{"line":244,"column":4},"end":{"line":247,"column":4}}},"5":{"name":"owner","line":252,"loc":{"start":{"line":252,"column":4},"end":{"line":254,"column":4}}},"6":{"name":"_checkOwner","line":259,"loc":{"start":{"line":259,"column":4},"end":{"line":263,"column":4}}},"7":{"name":"renounceOwnership","line":272,"loc":{"start":{"line":272,"column":4},"end":{"line":274,"column":4}}},"8":{"name":"transferOwnership","line":280,"loc":{"start":{"line":280,"column":4},"end":{"line":285,"column":4}}},"9":{"name":"_transferOwnership","line":291,"loc":{"start":{"line":291,"column":4},"end":{"line":295,"column":4}}},"10":{"name":"constructor","line":458,"loc":{"start":{"line":458,"column":4},"end":{"line":461,"column":4}}},"11":{"name":"name","line":466,"loc":{"start":{"line":466,"column":4},"end":{"line":468,"column":4}}},"12":{"name":"symbol","line":474,"loc":{"start":{"line":474,"column":4},"end":{"line":476,"column":4}}},"13":{"name":"decimals","line":491,"loc":{"start":{"line":491,"column":4},"end":{"line":493,"column":4}}},"14":{"name":"totalSupply","line":498,"loc":{"start":{"line":498,"column":4},"end":{"line":500,"column":4}}},"15":{"name":"balanceOf","line":505,"loc":{"start":{"line":505,"column":4},"end":{"line":507,"column":4}}},"16":{"name":"transfer","line":517,"loc":{"start":{"line":517,"column":4},"end":{"line":521,"column":4}}},"17":{"name":"allowance","line":526,"loc":{"start":{"line":526,"column":4},"end":{"line":528,"column":4}}},"18":{"name":"approve","line":540,"loc":{"start":{"line":540,"column":4},"end":{"line":544,"column":4}}},"19":{"name":"transferFrom","line":562,"loc":{"start":{"line":562,"column":4},"end":{"line":567,"column":4}}},"20":{"name":"_transfer","line":579,"loc":{"start":{"line":579,"column":4},"end":{"line":587,"column":4}}},"21":{"name":"_update","line":596,"loc":{"start":{"line":596,"column":4},"end":{"line":624,"column":4}}},"22":{"name":"_mint","line":634,"loc":{"start":{"line":634,"column":4},"end":{"line":639,"column":4}}},"23":{"name":"_burn","line":649,"loc":{"start":{"line":649,"column":4},"end":{"line":654,"column":4}}},"24":{"name":"_approve","line":671,"loc":{"start":{"line":671,"column":4},"end":{"line":673,"column":4}}},"25":{"name":"_approve","line":692,"loc":{"start":{"line":692,"column":4},"end":{"line":703,"column":4}}},"26":{"name":"_spendAllowance","line":713,"loc":{"start":{"line":713,"column":4},"end":{"line":723,"column":4}}},"27":{"name":"constructor","line":742,"loc":{"start":{"line":741,"column":4},"end":{"line":745,"column":4}}},"28":{"name":"deposit","line":748,"loc":{"start":{"line":748,"column":3},"end":{"line":765,"column":4}}},"29":{"name":"withdrawStinstaTokens","line":767,"loc":{"start":{"line":767,"column":4},"end":{"line":779,"column":4}}},"30":{"name":"viewStinstaTokens","line":780,"loc":{"start":{"line":780,"column":4},"end":{"line":788,"column":4}}},"31":{"name":"viewStinstaTokensValue","line":789,"loc":{"start":{"line":789,"column":4},"end":{"line":796,"column":4}}}},"statementMap":{"1":{"start":{"line":188,"column":8},"end":{"line":188,"column":25}},"2":{"start":{"line":192,"column":8},"end":{"line":192,"column":23}},"3":{"start":{"line":235,"column":8},"end":{"line":235,"column":8779}},"4":{"start":{"line":238,"column":8},"end":{"line":238,"column":39}},"5":{"start":{"line":245,"column":8},"end":{"line":245,"column":20}},"6":{"start":{"line":253,"column":8},"end":{"line":253,"column":21}},"7":{"start":{"line":260,"column":8},"end":{"line":260,"column":9361}},"8":{"start":{"line":273,"column":8},"end":{"line":273,"column":37}},"9":{"start":{"line":281,"column":8},"end":{"line":281,"column":10133}},"10":{"start":{"line":284,"column":8},"end":{"line":284,"column":35}},"11":{"start":{"line":292,"column":8},"end":{"line":292,"column":33}},"12":{"start":{"line":294,"column":8},"end":{"line":294,"column":53}},"13":{"start":{"line":467,"column":8},"end":{"line":467,"column":20}},"14":{"start":{"line":475,"column":8},"end":{"line":475,"column":22}},"15":{"start":{"line":492,"column":8},"end":{"line":492,"column":17}},"16":{"start":{"line":499,"column":8},"end":{"line":499,"column":27}},"17":{"start":{"line":506,"column":8},"end":{"line":506,"column":33}},"18":{"start":{"line":518,"column":8},"end":{"line":518,"column":36}},"19":{"start":{"line":519,"column":8},"end":{"line":519,"column":34}},"20":{"start":{"line":520,"column":8},"end":{"line":520,"column":19}},"21":{"start":{"line":527,"column":8},"end":{"line":527,"column":42}},"22":{"start":{"line":541,"column":8},"end":{"line":541,"column":36}},"23":{"start":{"line":542,"column":8},"end":{"line":542,"column":38}},"24":{"start":{"line":543,"column":8},"end":{"line":543,"column":19}},"25":{"start":{"line":563,"column":8},"end":{"line":563,"column":38}},"26":{"start":{"line":564,"column":8},"end":{"line":564,"column":44}},"27":{"start":{"line":565,"column":8},"end":{"line":565,"column":33}},"28":{"start":{"line":566,"column":8},"end":{"line":566,"column":19}},"29":{"start":{"line":580,"column":8},"end":{"line":580,"column":19666}},"30":{"start":{"line":583,"column":8},"end":{"line":583,"column":19761}},"31":{"start":{"line":586,"column":8},"end":{"line":586,"column":31}},"32":{"start":{"line":597,"column":8},"end":{"line":597,"column":20287}},"33":{"start":{"line":601,"column":12},"end":{"line":601,"column":49}},"34":{"start":{"line":602,"column":12},"end":{"line":602,"column":20534}},"35":{"start":{"line":611,"column":8},"end":{"line":611,"column":20837}},"36":{"start":{"line":623,"column":8},"end":{"line":623,"column":38}},"37":{"start":{"line":635,"column":8},"end":{"line":635,"column":21718}},"38":{"start":{"line":638,"column":8},"end":{"line":638,"column":42}},"39":{"start":{"line":650,"column":8},"end":{"line":650,"column":22244}},"40":{"start":{"line":653,"column":8},"end":{"line":653,"column":42}},"41":{"start":{"line":672,"column":8},"end":{"line":672,"column":44}},"42":{"start":{"line":693,"column":8},"end":{"line":693,"column":23988}},"43":{"start":{"line":696,"column":8},"end":{"line":696,"column":24086}},"44":{"start":{"line":700,"column":8},"end":{"line":700,"column":24230}},"45":{"start":{"line":701,"column":12},"end":{"line":701,"column":48}},"46":{"start":{"line":714,"column":8},"end":{"line":714,"column":60}},"47":{"start":{"line":715,"column":8},"end":{"line":715,"column":24755}},"48":{"start":{"line":716,"column":12},"end":{"line":716,"column":24816}},"49":{"start":{"line":720,"column":16},"end":{"line":720,"column":72}},"50":{"start":{"line":750,"column":8},"end":{"line":750,"column":73}},"51":{"start":{"line":751,"column":8},"end":{"line":751,"column":121}},"52":{"start":{"line":754,"column":8},"end":{"line":754,"column":109}},"53":{"start":{"line":757,"column":8},"end":{"line":757,"column":44}},"54":{"start":{"line":760,"column":8},"end":{"line":760,"column":39}},"55":{"start":{"line":769,"column":8},"end":{"line":769,"column":92}},"56":{"start":{"line":772,"column":8},"end":{"line":772,"column":100}},"57":{"start":{"line":775,"column":8},"end":{"line":775,"column":39}},"58":{"start":{"line":776,"column":8},"end":{"line":776,"column":52}},"59":{"start":{"line":777,"column":8},"end":{"line":777,"column":23}},"60":{"start":{"line":782,"column":8},"end":{"line":782,"column":92}},"61":{"start":{"line":784,"column":8},"end":{"line":784,"column":100}},"62":{"start":{"line":786,"column":8},"end":{"line":786,"column":23}},"63":{"start":{"line":791,"column":8},"end":{"line":791,"column":87}},"64":{"start":{"line":793,"column":8},"end":{"line":793,"column":94}},"65":{"start":{"line":794,"column":8},"end":{"line":794,"column":22}}},"branchMap":{"1":{"line":235,"type":"if","locations":[{"start":{"line":235,"column":8},"end":{"line":235,"column":8}},{"start":{"line":235,"column":8},"end":{"line":235,"column":8}}]},"2":{"line":260,"type":"if","locations":[{"start":{"line":260,"column":8},"end":{"line":260,"column":8}},{"start":{"line":260,"column":8},"end":{"line":260,"column":8}}]},"3":{"line":272,"type":"if","locations":[{"start":{"line":272,"column":48},"end":{"line":272,"column":48}},{"start":{"line":272,"column":48},"end":{"line":272,"column":48}}]},"4":{"line":280,"type":"if","locations":[{"start":{"line":280,"column":64},"end":{"line":280,"column":64}},{"start":{"line":280,"column":64},"end":{"line":280,"column":64}}]},"5":{"line":281,"type":"if","locations":[{"start":{"line":281,"column":8},"end":{"line":281,"column":8}},{"start":{"line":281,"column":8},"end":{"line":281,"column":8}}]},"6":{"line":580,"type":"if","locations":[{"start":{"line":580,"column":8},"end":{"line":580,"column":8}},{"start":{"line":580,"column":8},"end":{"line":580,"column":8}}]},"7":{"line":583,"type":"if","locations":[{"start":{"line":583,"column":8},"end":{"line":583,"column":8}},{"start":{"line":583,"column":8},"end":{"line":583,"column":8}}]},"8":{"line":597,"type":"if","locations":[{"start":{"line":597,"column":8},"end":{"line":597,"column":8}},{"start":{"line":597,"column":8},"end":{"line":597,"column":8}}]},"9":{"line":602,"type":"if","locations":[{"start":{"line":602,"column":12},"end":{"line":602,"column":12}},{"start":{"line":602,"column":12},"end":{"line":602,"column":12}}]},"10":{"line":611,"type":"if","locations":[{"start":{"line":611,"column":8},"end":{"line":611,"column":8}},{"start":{"line":611,"column":8},"end":{"line":611,"column":8}}]},"11":{"line":635,"type":"if","locations":[{"start":{"line":635,"column":8},"end":{"line":635,"column":8}},{"start":{"line":635,"column":8},"end":{"line":635,"column":8}}]},"12":{"line":650,"type":"if","locations":[{"start":{"line":650,"column":8},"end":{"line":650,"column":8}},{"start":{"line":650,"column":8},"end":{"line":650,"column":8}}]},"13":{"line":693,"type":"if","locations":[{"start":{"line":693,"column":8},"end":{"line":693,"column":8}},{"start":{"line":693,"column":8},"end":{"line":693,"column":8}}]},"14":{"line":696,"type":"if","locations":[{"start":{"line":696,"column":8},"end":{"line":696,"column":8}},{"start":{"line":696,"column":8},"end":{"line":696,"column":8}}]},"15":{"line":700,"type":"if","locations":[{"start":{"line":700,"column":8},"end":{"line":700,"column":8}},{"start":{"line":700,"column":8},"end":{"line":700,"column":8}}]},"16":{"line":715,"type":"if","locations":[{"start":{"line":715,"column":8},"end":{"line":715,"column":8}},{"start":{"line":715,"column":8},"end":{"line":715,"column":8}}]},"17":{"line":716,"type":"if","locations":[{"start":{"line":716,"column":12},"end":{"line":716,"column":12}},{"start":{"line":716,"column":12},"end":{"line":716,"column":12}}]},"18":{"line":750,"type":"if","locations":[{"start":{"line":750,"column":8},"end":{"line":750,"column":8}},{"start":{"line":750,"column":8},"end":{"line":750,"column":8}}]},"19":{"line":751,"type":"if","locations":[{"start":{"line":751,"column":8},"end":{"line":751,"column":8}},{"start":{"line":751,"column":8},"end":{"line":751,"column":8}}]},"20":{"line":754,"type":"if","locations":[{"start":{"line":754,"column":8},"end":{"line":754,"column":8}},{"start":{"line":754,"column":8},"end":{"line":754,"column":8}}]},"21":{"line":769,"type":"if","locations":[{"start":{"line":769,"column":8},"end":{"line":769,"column":8}},{"start":{"line":769,"column":8},"end":{"line":769,"column":8}}]},"22":{"line":782,"type":"if","locations":[{"start":{"line":782,"column":8},"end":{"line":782,"column":8}},{"start":{"line":782,"column":8},"end":{"line":782,"column":8}}]},"23":{"line":791,"type":"if","locations":[{"start":{"line":791,"column":8},"end":{"line":791,"column":8}},{"start":{"line":791,"column":8},"end":{"line":791,"column":8}}]}}},"contracts/strategy/lido/EnderLidoStrategy.sol":{"l":{},"path":"/Users/demis/Documents/GitHub/ender-v1/contracts/strategy/lido/EnderLidoStrategy.sol","s":{},"b":{},"f":{},"fnMap":{},"statementMap":{},"branchMap":{}},"contracts/strategy/lido/ISTETH.sol":{"l":{},"path":"/Users/demis/Documents/GitHub/ender-v1/contracts/strategy/lido/ISTETH.sol","s":{},"b":{},"f":{},"fnMap":{},"statementMap":{},"branchMap":{}},"contracts/strategy/lido/lidoStEth.sol":{"l":{"13":0,"17":0,"21":0,"22":0},"path":"/Users/demis/Documents/GitHub/ender-v1/contracts/strategy/lido/lidoStEth.sol","s":{"1":0,"2":0,"3":0},"b":{"1":[0,0]},"f":{"1":0,"2":0,"3":0},"fnMap":{"1":{"name":"constructor","line":12,"loc":{"start":{"line":12,"column":4},"end":{"line":14,"column":4}}},"2":{"name":"submit","line":16,"loc":{"start":{"line":16,"column":4},"end":{"line":18,"column":4}}},"3":{"name":"withdraw","line":20,"loc":{"start":{"line":20,"column":4},"end":{"line":23,"column":4}}}},"statementMap":{"1":{"start":{"line":17,"column":8},"end":{"line":17,"column":48}},"2":{"start":{"line":21,"column":8},"end":{"line":21,"column":67}},"3":{"start":{"line":22,"column":8},"end":{"line":22,"column":35}}},"branchMap":{"1":{"line":22,"type":"if","locations":[{"start":{"line":22,"column":8},"end":{"line":22,"column":8}},{"start":{"line":22,"column":8},"end":{"line":22,"column":8}}]}}},"contracts/strategy/lybraFinance/lybra.sol":{"l":{"18":0,"22":0,"23":0,"27":0,"28":0,"31":0,"32":0,"33":0},"path":"/Users/demis/Documents/GitHub/ender-v1/contracts/strategy/lybraFinance/lybra.sol","s":{"1":0,"2":0,"3":0,"4":0,"5":0},"b":{},"f":{"1":0,"2":0,"3":0},"fnMap":{"1":{"name":"constructor","line":17,"loc":{"start":{"line":17,"column":4},"end":{"line":19,"column":4}}},"2":{"name":"depositAssetToMint","line":21,"loc":{"start":{"line":21,"column":4},"end":{"line":24,"column":4}}},"3":{"name":"withdraw","line":26,"loc":{"start":{"line":26,"column":4},"end":{"line":34,"column":4}}}},"statementMap":{"1":{"start":{"line":22,"column":8},"end":{"line":22,"column":64}},"2":{"start":{"line":27,"column":8},"end":{"line":27,"column":60}},"3":{"start":{"line":28,"column":8},"end":{"line":28,"column":829}},"4":{"start":{"line":32,"column":8},"end":{"line":32,"column":63}},"5":{"start":{"line":33,"column":8},"end":{"line":33,"column":45}}},"branchMap":{}}}