TN:
SF:/Users/demis/Documents/GitHub/ender-v1/contracts/EnderBond.sol
FN:178,initialize
FN:204,depositEnabled
FN:209,withdrawEnabled
FN:214,bondPaused
FN:219,setInterval
FN:224,setBool
FN:234,setAddress
FN:251,setsigner
FN:257,setMinDepAmount
FN:262,setTxFees
FN:267,setBondYieldBaseRate
FN:272,getAddress
FN:291,setBondFeeEnabled
FN:300,setDepositEnable
FN:309,setWithdrawPause
FN:318,setBondPause
FN:329,setBondableTokens
FN:337,getInterest
FN:358,whitelist
FN:363,userInfoDepositContract
FN:388,deposit
FN:427,_deposit
FN:474,withdraw
FN:484,_withdraw
FN:505,claimRewards
FN:538,getLoopCount
FN:573,deductFeesFromTransfer
FN:588,epochRewardShareIndex
FN:614,epochRewardShareIndexByPass
FN:635,epochRewardShareIndexForSend
FN:657,epochRewardShareIndexSendByPass
FN:671,findClosestS
FN:707,epochBondYieldShareIndex
FN:745,calculateRefractionData
FN:766,calculateStakingReward
FN:816,calculateRefractionRewards
FN:856,calculateBondRewardAmount
FN:892,checkUpkeep
FN:897,performUpkeep
FN:907,setIndexesOfUser
FN:921,resetEndMint
FN:927,setAvailableBondFee
FN:932,_hash
FN:948,_verify
FNF:44
FNH:34
FNDA:99,initialize
FNDA:158,depositEnabled
FNDA:19,withdrawEnabled
FNDA:177,bondPaused
FNDA:0,setInterval
FNDA:99,setBool
FNDA:596,setAddress
FNDA:0,setsigner
FNDA:0,setMinDepAmount
FNDA:0,setTxFees
FNDA:0,setBondYieldBaseRate
FNDA:0,getAddress
FNDA:100,setBondFeeEnabled
FNDA:1,setDepositEnable
FNDA:1,setWithdrawPause
FNDA:1,setBondPause
FNDA:99,setBondableTokens
FNDA:145,getInterest
FNDA:3,whitelist
FNDA:1,userInfoDepositContract
FNDA:158,deposit
FNDA:145,_deposit
FNDA:19,withdraw
FNDA:19,_withdraw
FNDA:35,claimRewards
FNDA:176,getLoopCount
FNDA:6,deductFeesFromTransfer
FNDA:22,epochRewardShareIndex
FNDA:47,epochRewardShareIndexByPass
FNDA:5,epochRewardShareIndexForSend
FNDA:47,epochRewardShareIndexSendByPass
FNDA:0,findClosestS
FNDA:197,epochBondYieldShareIndex
FNDA:145,calculateRefractionData
FNDA:9,calculateStakingReward
FNDA:14,calculateRefractionRewards
FNDA:35,calculateBondRewardAmount
FNDA:0,checkUpkeep
FNDA:2,performUpkeep
FNDA:0,setIndexesOfUser
FNDA:5,resetEndMint
FNDA:0,setAvailableBondFee
FNDA:37,_hash
FNDA:37,_verify
DA:179,99
DA:180,99
DA:181,99
DA:182,99
DA:183,99
DA:185,99
DA:186,99
DA:187,99
DA:188,99
DA:189,99
DA:190,99
DA:191,99
DA:192,99
DA:193,99
DA:194,99
DA:195,99
DA:196,99
DA:197,99
DA:198,99
DA:199,99
DA:201,99
DA:205,158
DA:206,158
DA:210,19
DA:211,19
DA:215,177
DA:216,177
DA:220,0
DA:221,0
DA:225,99
DA:226,99
DA:235,596
DA:237,596
DA:248,596
DA:252,0
DA:253,0
DA:254,0
DA:258,0
DA:259,0
DA:263,0
DA:264,0
DA:268,0
DA:269,0
DA:273,0
DA:275,0
DA:292,100
DA:293,100
DA:301,1
DA:302,1
DA:310,1
DA:311,1
DA:319,1
DA:320,1
DA:330,99
DA:331,99
DA:332,99
DA:333,99
DA:338,145
DA:340,145
DA:341,145
DA:342,145
DA:343,145
DA:344,145
DA:345,145
DA:346,145
DA:347,145
DA:348,145
DA:349,145
DA:350,145
DA:351,145
DA:352,145
DA:353,145
DA:354,145
DA:359,3
DA:360,3
DA:364,1
DA:365,1
DA:367,2
DA:368,2
DA:389,158
DA:390,158
DA:391,155
DA:392,152
DA:393,149
DA:394,144
DA:395,143
DA:396,37
DA:397,37
DA:401,146
DA:402,146
DA:403,146
DA:405,146
DA:406,0
DA:407,0
DA:410,0
DA:411,0
DA:416,146
DA:419,145
DA:420,145
DA:421,145
DA:424,145
DA:434,145
DA:437,145
DA:438,145
DA:439,145
DA:440,145
DA:441,145
DA:442,145
DA:444,145
DA:445,145
DA:446,145
DA:447,145
DA:448,145
DA:450,145
DA:475,19
DA:476,18
DA:485,19
DA:486,19
DA:487,19
DA:488,18
DA:489,18
DA:490,18
DA:492,18
DA:494,18
DA:496,18
DA:497,18
DA:498,18
DA:499,18
DA:500,18
DA:501,18
DA:506,35
DA:507,35
DA:508,35
DA:509,35
DA:510,35
DA:511,34
DA:512,34
DA:513,34
DA:514,34
DA:515,34
DA:516,34
DA:517,13
DA:518,13
DA:521,13
DA:522,13
DA:523,13
DA:526,34
DA:528,8
DA:529,8
DA:530,8
DA:531,8
DA:532,8
DA:535,34
DA:539,176
DA:540,176
DA:542,38
DA:545,1471
DA:546,27
DA:547,134
DA:548,134
DA:549,134
DA:550,134
DA:553,1471
DA:554,27
DA:555,134
DA:556,134
DA:561,38
DA:562,38
DA:563,38
DA:564,22
DA:567,16
DA:569,38
DA:574,6
DA:575,0
DA:577,6
DA:578,4
DA:579,4
DA:580,4
DA:589,22
DA:591,22
DA:592,15
DA:593,15
DA:595,15
DA:598,15
DA:599,13
DA:600,13
DA:602,2
DA:603,2
DA:604,7
DA:607,15
DA:608,15
DA:609,15
DA:611,22
DA:616,47
DA:618,47
DA:619,0
DA:621,47
DA:622,47
DA:624,1384
DA:627,47
DA:636,5
DA:637,5
DA:638,5
DA:639,5
DA:642,5
DA:643,4
DA:644,4
DA:646,1
DA:647,1
DA:648,1
DA:651,5
DA:652,5
DA:653,5
DA:658,47
DA:659,47
DA:660,0
DA:662,47
DA:663,47
DA:664,1390
DA:667,47
DA:672,0
DA:673,0
DA:674,0
DA:675,0
DA:677,0
DA:679,0
DA:681,0
DA:682,0
DA:683,0
DA:684,0
DA:686,0
DA:689,0
DA:691,0
DA:695,0
DA:696,0
DA:698,0
DA:700,0
DA:709,197
DA:710,166
DA:711,166
DA:712,166
DA:713,166
DA:716,166
DA:719,166
DA:720,133
DA:721,133
DA:723,33
DA:724,33
DA:725,1238
DA:729,166
DA:730,166
DA:731,166
DA:734,166
DA:752,145
DA:753,145
DA:756,145
DA:757,145
DA:767,9
DA:768,9
DA:769,9
DA:770,0
DA:772,0
DA:773,0
DA:776,9
DA:777,9
DA:779,9
DA:780,9
DA:783,9
DA:784,8
DA:787,0
DA:788,0
DA:789,0
DA:792,0
DA:798,0
DA:799,0
DA:801,0
DA:802,0
DA:806,0
DA:817,14
DA:818,14
DA:819,14
DA:820,14
DA:821,0
DA:822,0
DA:824,14
DA:825,14
DA:826,14
DA:827,14
DA:828,14
DA:829,14
DA:831,0
DA:832,0
DA:833,0
DA:836,0
DA:841,0
DA:842,0
DA:843,0
DA:846,0
DA:857,35
DA:858,35
DA:859,0
DA:861,35
DA:862,35
DA:863,26
DA:873,9
DA:874,9
DA:875,9
DA:878,0
DA:883,9
DA:884,9
DA:887,0
DA:893,0
DA:899,2
DA:900,2
DA:901,2
DA:902,2
DA:903,2
DA:909,0
DA:910,0
DA:913,0
DA:914,0
DA:915,0
DA:916,0
DA:917,0
DA:922,5
DA:923,5
DA:924,5
DA:928,0
DA:929,0
DA:933,37
DA:949,37
DA:950,37
LF:332
LH:260
BRDA:178,1,0,99
BRDA:178,1,1,0
BRDA:205,2,0,0
BRDA:205,2,1,158
BRDA:210,3,0,0
BRDA:210,3,1,19
BRDA:215,4,0,0
BRDA:215,4,1,177
BRDA:219,5,0,0
BRDA:219,5,1,0
BRDA:224,6,0,99
BRDA:224,6,1,0
BRDA:234,7,0,596
BRDA:234,7,1,0
BRDA:235,8,0,0
BRDA:235,8,1,596
BRDA:237,9,0,100
BRDA:237,9,1,496
BRDA:238,10,0,99
BRDA:238,10,1,397
BRDA:239,11,0,99
BRDA:239,11,1,298
BRDA:240,12,0,0
BRDA:240,12,1,298
BRDA:241,13,0,0
BRDA:241,13,1,298
BRDA:242,14,0,99
BRDA:242,14,1,199
BRDA:243,15,0,0
BRDA:243,15,1,199
BRDA:244,16,0,99
BRDA:244,16,1,100
BRDA:245,17,0,99
BRDA:245,17,1,1
BRDA:246,18,0,1
BRDA:246,18,1,0
BRDA:251,19,0,0
BRDA:251,19,1,0
BRDA:252,20,0,0
BRDA:252,20,1,0
BRDA:257,21,0,0
BRDA:257,21,1,0
BRDA:262,22,0,0
BRDA:262,22,1,0
BRDA:267,23,0,0
BRDA:267,23,1,0
BRDA:273,24,0,0
BRDA:273,24,1,0
BRDA:275,25,0,0
BRDA:275,25,1,0
BRDA:276,26,0,0
BRDA:276,26,1,0
BRDA:277,27,0,0
BRDA:277,27,1,0
BRDA:278,28,0,0
BRDA:278,28,1,0
BRDA:279,29,0,0
BRDA:279,29,1,0
BRDA:280,30,0,0
BRDA:280,30,1,0
BRDA:281,31,0,0
BRDA:281,31,1,0
BRDA:282,32,0,0
BRDA:282,32,1,0
BRDA:283,33,0,0
BRDA:283,33,1,0
BRDA:284,34,0,0
BRDA:284,34,1,0
BRDA:291,35,0,100
BRDA:291,35,1,1
BRDA:300,36,0,1
BRDA:300,36,1,1
BRDA:309,37,0,1
BRDA:309,37,1,1
BRDA:318,38,0,1
BRDA:318,38,1,1
BRDA:329,39,0,99
BRDA:329,39,1,0
BRDA:341,40,0,0
BRDA:341,40,1,145
BRDA:342,41,0,0
BRDA:342,41,1,145
BRDA:343,42,0,0
BRDA:343,42,1,145
BRDA:344,43,0,0
BRDA:344,43,1,145
BRDA:345,44,0,0
BRDA:345,44,1,145
BRDA:346,45,0,0
BRDA:346,45,1,145
BRDA:347,46,0,0
BRDA:347,46,1,145
BRDA:348,47,0,0
BRDA:348,47,1,145
BRDA:349,48,0,131
BRDA:349,48,1,14
BRDA:350,49,0,0
BRDA:350,49,1,145
BRDA:351,50,0,6
BRDA:351,50,1,139
BRDA:352,51,0,0
BRDA:352,51,1,145
BRDA:353,52,0,0
BRDA:353,52,1,145
BRDA:358,53,0,3
BRDA:358,53,1,1
BRDA:363,54,0,1
BRDA:363,54,1,0
BRDA:364,55,0,1
BRDA:364,55,1,0
BRDA:388,56,0,158
BRDA:388,56,1,0
BRDA:388,57,0,158
BRDA:388,57,1,0
BRDA:388,58,0,158
BRDA:388,58,1,0
BRDA:390,59,0,155
BRDA:390,59,1,3
BRDA:391,60,0,3
BRDA:391,60,1,152
BRDA:392,61,0,3
BRDA:392,61,1,149
BRDA:392,62,0,0
BRDA:392,62,1,3
BRDA:393,63,0,5
BRDA:393,63,1,144
BRDA:394,64,0,1
BRDA:394,64,1,143
BRDA:395,65,0,37
BRDA:395,65,1,106
BRDA:397,66,0,0
BRDA:397,66,1,37
BRDA:397,67,0,0
BRDA:397,67,1,0
BRDA:405,68,0,0
BRDA:405,68,1,146
BRDA:406,69,0,0
BRDA:406,69,1,0
BRDA:410,70,0,0
BRDA:410,70,1,0
BRDA:416,71,0,3
BRDA:416,71,1,143
BRDA:474,72,0,19
BRDA:474,72,1,0
BRDA:474,73,0,19
BRDA:474,73,1,0
BRDA:474,74,0,19
BRDA:474,74,1,0
BRDA:486,75,0,0
BRDA:486,75,1,19
BRDA:487,76,0,1
BRDA:487,76,1,18
BRDA:510,77,0,1
BRDA:510,77,1,34
BRDA:516,78,0,13
BRDA:516,78,1,21
BRDA:526,79,0,8
BRDA:526,79,1,26
BRDA:540,80,0,138
BRDA:540,80,1,38
BRDA:545,81,0,27
BRDA:545,81,1,1444
BRDA:553,82,0,27
BRDA:553,82,1,1444
BRDA:563,83,0,22
BRDA:563,83,1,16
BRDA:574,84,0,0
BRDA:574,84,1,6
BRDA:577,85,0,4
BRDA:577,85,1,2
BRDA:589,86,0,0
BRDA:589,86,1,22
BRDA:591,87,0,15
BRDA:591,87,1,7
BRDA:598,88,0,13
BRDA:598,88,1,2
BRDA:599,89,0,7
BRDA:599,89,1,6
BRDA:618,90,0,0
BRDA:618,90,1,47
BRDA:636,91,0,0
BRDA:636,91,1,5
BRDA:637,92,0,5
BRDA:637,92,1,0
BRDA:642,93,0,4
BRDA:642,93,1,1
BRDA:643,94,0,0
BRDA:643,94,1,4
BRDA:659,95,0,0
BRDA:659,95,1,47
BRDA:674,96,0,0
BRDA:674,96,1,0
BRDA:683,97,0,0
BRDA:683,97,1,0
BRDA:683,98,0,0
BRDA:683,98,1,0
BRDA:685,99,0,0
BRDA:685,99,1,0
BRDA:688,100,0,0
BRDA:688,100,1,0
BRDA:695,101,0,0
BRDA:695,101,1,0
BRDA:697,102,0,0
BRDA:697,102,1,0
BRDA:709,103,0,166
BRDA:709,103,1,31
BRDA:719,104,0,133
BRDA:719,104,1,33
BRDA:720,105,0,6
BRDA:720,105,1,127
BRDA:752,106,0,0
BRDA:752,106,1,145
BRDA:754,107,0,143
BRDA:754,107,1,2
BRDA:769,108,0,0
BRDA:769,108,1,9
BRDA:772,109,0,0
BRDA:772,109,1,0
BRDA:776,110,0,0
BRDA:776,110,1,9
BRDA:777,111,0,9
BRDA:777,111,1,0
BRDA:779,112,0,9
BRDA:779,112,1,0
BRDA:783,113,0,8
BRDA:783,113,1,1
BRDA:788,114,0,0
BRDA:788,114,1,0
BRDA:801,115,0,0
BRDA:801,115,1,0
BRDA:820,116,0,0
BRDA:820,116,1,14
BRDA:824,117,0,14
BRDA:824,117,1,0
BRDA:825,118,0,0
BRDA:825,118,1,14
BRDA:826,119,0,0
BRDA:826,119,1,14
BRDA:827,120,0,14
BRDA:827,120,1,0
BRDA:832,121,0,0
BRDA:832,121,1,0
BRDA:858,122,0,0
BRDA:858,122,1,35
BRDA:861,123,0,35
BRDA:861,123,1,0
BRDA:862,124,0,26
BRDA:862,124,1,9
BRDA:874,125,0,9
BRDA:874,125,1,0
BRDA:907,126,0,0
BRDA:907,126,1,0
BRDA:909,127,0,0
BRDA:909,127,1,0
BRDA:909,128,0,0
BRDA:909,128,1,0
BRDA:909,129,0,0
BRDA:909,129,1,0
BRDA:922,130,0,0
BRDA:922,130,1,5
BRDA:928,131,0,0
BRDA:928,131,1,0
BRF:262
BRH:134
end_of_record
TN:
SF:/Users/demis/Documents/GitHub/ender-v1/contracts/EnderBondLiquidityDeposit.sol
FN:76,initialize
FN:89,depositEnabled
FN:94,onlyBond
FN:99,setsigner
FN:111,setBondableTokens
FN:124,setMinDepAmount
FN:134,setDepositEnable
FN:145,setAddress
FN:167,deposit
FN:201,depositedIntoBond
FN:221,approvalForBond
FN:226,_hash
FN:242,_verify
FNF:13
FNH:8
FNDA:98,initialize
FNDA:8,depositEnabled
FNDA:0,onlyBond
FNDA:0,setsigner
FNDA:0,setBondableTokens
FNDA:0,setMinDepAmount
FNDA:5,setDepositEnable
FNDA:0,setAddress
FNDA:8,deposit
FNDA:2,depositedIntoBond
FNDA:1,approvalForBond
FNDA:7,_hash
FNDA:7,_verify
DA:77,98
DA:78,98
DA:79,98
DA:80,98
DA:81,98
DA:82,98
DA:83,98
DA:84,98
DA:85,98
DA:86,98
DA:90,8
DA:91,8
DA:95,0
DA:96,0
DA:100,0
DA:101,0
DA:102,0
DA:112,0
DA:113,0
DA:114,0
DA:115,0
DA:125,0
DA:126,0
DA:135,5
DA:136,5
DA:146,0
DA:148,0
DA:168,8
DA:169,7
DA:170,7
DA:171,7
DA:172,7
DA:173,7
DA:175,7
DA:176,0
DA:177,0
DA:180,0
DA:183,7
DA:185,7
DA:186,7
DA:194,7
DA:204,2
DA:205,2
DA:213,2
DA:222,1
DA:223,1
DA:227,7
DA:243,7
DA:244,7
LF:49
LH:33
BRDA:76,1,0,98
BRDA:76,1,1,0
BRDA:90,2,0,0
BRDA:90,2,1,8
BRDA:95,3,0,0
BRDA:95,3,1,0
BRDA:99,4,0,0
BRDA:99,4,1,0
BRDA:100,5,0,0
BRDA:100,5,1,0
BRDA:111,6,0,0
BRDA:111,6,1,0
BRDA:124,7,0,0
BRDA:124,7,1,0
BRDA:134,8,0,5
BRDA:134,8,1,0
BRDA:145,9,0,0
BRDA:145,9,1,0
BRDA:146,10,0,0
BRDA:146,10,1,0
BRDA:148,11,0,0
BRDA:148,11,1,0
BRDA:149,12,0,0
BRDA:149,12,1,0
BRDA:150,13,0,0
BRDA:150,13,1,0
BRDA:167,14,0,8
BRDA:167,14,1,0
BRDA:167,15,0,8
BRDA:167,15,1,0
BRDA:168,16,0,1
BRDA:168,16,1,7
BRDA:169,17,0,0
BRDA:169,17,1,7
BRDA:169,18,0,0
BRDA:169,18,1,0
BRDA:170,19,0,0
BRDA:170,19,1,7
BRDA:171,20,0,0
BRDA:171,20,1,7
BRDA:171,21,0,0
BRDA:171,21,1,0
BRDA:173,22,0,7
BRDA:173,22,1,0
BRDA:175,23,0,0
BRDA:175,23,1,7
BRDA:176,24,0,0
BRDA:176,24,1,0
BRDA:180,25,0,0
BRDA:180,25,1,0
BRDA:221,26,0,1
BRDA:221,26,1,0
BRDA:222,27,0,1
BRDA:222,27,1,0
BRF:54
BRH:14
end_of_record
TN:
SF:/Users/demis/Documents/GitHub/ender-v1/contracts/EnderStaking.sol
FN:53,initialize
FN:67,stakingEnabled
FN:72,unstakeEnabled
FN:77,stakingContractPaused
FN:82,setStakingEnable
FN:87,setUnstakeEnable
FN:92,setStakingPause
FN:97,setsigner
FN:103,setAddress
FN:117,setBondRewardPercentage
FN:126,whitelist
FN:135,stake
FN:163,unstake
FN:178,epochStakingReward
FN:197,calculateSEndTokens
FN:207,calculateRebaseIndex
FN:217,claimRebaseValue
FN:223,_hash
FN:239,_verify
FNF:19
FNH:19
FNDA:99,initialize
FNDA:23,stakingEnabled
FNDA:17,unstakeEnabled
FNDA:38,stakingContractPaused
FNDA:11,setStakingEnable
FNDA:5,setUnstakeEnable
FNDA:10,setStakingPause
FNDA:4,setsigner
FNDA:594,setAddress
FNDA:4,setBondRewardPercentage
FNDA:5,whitelist
FNDA:21,stake
FNDA:15,unstake
FNDA:16,epochStakingReward
FNDA:24,calculateSEndTokens
FNDA:29,calculateRebaseIndex
FNDA:11,claimRebaseValue
FNDA:3,_hash
FNDA:3,_verify
DA:54,99
DA:55,99
DA:56,99
DA:57,99
DA:58,99
DA:59,99
DA:60,99
DA:61,99
DA:62,99
DA:63,99
DA:64,99
DA:68,23
DA:69,22
DA:73,17
DA:74,16
DA:78,38
DA:79,36
DA:83,11
DA:84,11
DA:88,5
DA:89,5
DA:93,10
DA:94,10
DA:98,4
DA:99,2
DA:100,2
DA:104,594
DA:106,593
DA:112,593
DA:118,4
DA:120,2
DA:121,2
DA:127,5
DA:128,5
DA:137,21
DA:138,20
DA:139,3
DA:140,3
DA:142,17
DA:143,17
DA:144,15
DA:145,15
DA:146,15
DA:147,15
DA:148,14
DA:151,2
DA:152,2
DA:153,2
DA:154,2
DA:156,16
DA:164,15
DA:165,13
DA:168,11
DA:169,11
DA:171,11
DA:172,11
DA:173,11
DA:179,16
DA:180,15
DA:181,15
DA:184,15
DA:186,5
DA:187,5
DA:188,5
DA:189,5
DA:190,5
DA:191,5
DA:192,5
DA:194,15
DA:198,24
DA:199,16
DA:200,16
DA:202,8
DA:203,8
DA:208,29
DA:209,29
DA:210,29
DA:211,4
DA:213,25
DA:218,11
DA:220,11
DA:224,3
DA:240,3
DA:241,3
LF:84
LH:84
BRDA:53,1,0,99
BRDA:53,1,1,1
BRDA:68,2,0,1
BRDA:68,2,1,22
BRDA:73,3,0,1
BRDA:73,3,1,16
BRDA:78,4,0,2
BRDA:78,4,1,36
BRDA:82,5,0,11
BRDA:82,5,1,2
BRDA:87,6,0,5
BRDA:87,6,1,2
BRDA:92,7,0,10
BRDA:92,7,1,2
BRDA:97,8,0,4
BRDA:97,8,1,2
BRDA:98,9,0,2
BRDA:98,9,1,2
BRDA:103,10,0,594
BRDA:103,10,1,1
BRDA:104,11,0,1
BRDA:104,11,1,593
BRDA:106,12,0,99
BRDA:106,12,1,494
BRDA:107,13,0,99
BRDA:107,13,1,395
BRDA:108,14,0,99
BRDA:108,14,1,296
BRDA:109,15,0,99
BRDA:109,15,1,197
BRDA:110,16,0,99
BRDA:110,16,1,98
BRDA:117,17,0,4
BRDA:117,17,1,2
BRDA:118,18,0,2
BRDA:118,18,1,2
BRDA:126,19,0,5
BRDA:126,19,1,2
BRDA:135,20,0,22
BRDA:135,20,1,1
BRDA:135,21,0,21
BRDA:135,21,1,1
BRDA:137,22,0,1
BRDA:137,22,1,20
BRDA:138,23,0,3
BRDA:138,23,1,17
BRDA:140,24,0,3
BRDA:140,24,1,0
BRDA:140,25,0,2
BRDA:140,25,1,1
BRDA:143,26,0,15
BRDA:143,26,1,2
BRDA:163,27,0,16
BRDA:163,27,1,1
BRDA:163,28,0,15
BRDA:163,28,1,1
BRDA:164,29,0,2
BRDA:164,29,1,13
BRDA:165,30,0,2
BRDA:165,30,1,11
BRDA:179,31,0,1
BRDA:179,31,1,15
BRDA:184,32,0,5
BRDA:184,32,1,10
BRDA:198,33,0,16
BRDA:198,33,1,8
BRDA:210,34,0,4
BRDA:210,34,1,25
BRDA:210,35,0,3
BRDA:210,35,1,1
BRF:70
BRH:69
end_of_record
TN:
SF:/Users/demis/Documents/GitHub/ender-v1/contracts/EnderTreasury.sol
FN:82,initializeTreasury
FN:99,validStrategy
FN:104,onlyBond
FN:109,onlyStaking
FN:121,setAddress
FN:137,setBondYieldBaseRate
FN:146,getAddress
FN:162,setStrategy
FN:172,setPriorityStrategy
FN:177,setNominalYield
FN:182,depositTreasury
FN:193,_transferFunds
FN:200,stakeRebasingReward
FN:239,depositInStrategy
FN:268,withdrawFromStrategy
FN:295,withdraw
FN:313,collect
FN:318,mintEndToUser
FN:329,calculateTotalReturn
FN:347,calculateDepositReturn
FN:358,ETHDenomination
FN:372,withdrawBondFee
FNF:22
FNH:20
FNDA:99,initializeTreasury
FNDA:32,validStrategy
FNDA:201,onlyBond
FNDA:16,onlyStaking
FNDA:233,setAddress
FNDA:103,setBondYieldBaseRate
FNDA:0,getAddress
FNDA:8,setStrategy
FNDA:8,setPriorityStrategy
FNDA:2,setNominalYield
FNDA:145,depositTreasury
FNDA:18,_transferFunds
FNDA:15,stakeRebasingReward
FNDA:21,depositInStrategy
FNDA:10,withdrawFromStrategy
FNDA:18,withdraw
FNDA:0,collect
FNDA:34,mintEndToUser
FNDA:15,calculateTotalReturn
FNDA:15,calculateDepositReturn
FNDA:6,ETHDenomination
FNDA:1,withdrawBondFee
DA:83,99
DA:84,99
DA:85,99
DA:86,99
DA:87,99
DA:88,99
DA:89,99
DA:90,99
DA:91,99
DA:92,99
DA:93,99
DA:94,99
DA:95,99
DA:96,99
DA:100,32
DA:101,31
DA:105,201
DA:106,197
DA:110,16
DA:111,15
DA:122,233
DA:124,233
DA:138,103
DA:140,101
DA:141,101
DA:147,0
DA:149,0
DA:163,8
DA:164,8
DA:165,8
DA:166,8
DA:167,8
DA:173,8
DA:174,8
DA:178,2
DA:179,2
DA:183,145
DA:184,145
DA:185,4
DA:187,145
DA:188,145
DA:190,145
DA:194,18
DA:195,0
DA:196,0
DA:201,15
DA:202,15
DA:203,15
DA:205,15
DA:206,10
DA:207,10
DA:208,10
DA:209,10
DA:210,10
DA:211,5
DA:213,10
DA:214,10
DA:216,5
DA:218,5
DA:219,5
DA:220,5
DA:221,5
DA:222,5
DA:223,5
DA:224,5
DA:225,5
DA:226,5
DA:227,5
DA:240,21
DA:241,20
DA:242,18
DA:243,18
DA:244,18
DA:245,18
DA:247,0
DA:248,0
DA:252,18
DA:253,18
DA:254,18
DA:255,18
DA:269,10
DA:270,10
DA:271,10
DA:272,10
DA:274,10
DA:275,10
DA:276,10
DA:277,10
DA:279,0
DA:280,0
DA:282,10
DA:283,10
DA:284,10
DA:285,10
DA:286,10
DA:288,10
DA:296,18
DA:297,6
DA:299,18
DA:300,18
DA:303,18
DA:304,18
DA:314,0
DA:315,0
DA:320,34
DA:321,34
DA:330,15
DA:331,15
DA:332,15
DA:333,15
DA:334,10
DA:337,15
DA:348,15
DA:349,15
DA:350,10
DA:354,5
DA:359,6
DA:361,6
DA:362,6
DA:363,6
DA:364,6
DA:365,5
DA:367,6
DA:368,6
DA:373,1
DA:374,1
DA:375,0
DA:376,0
LF:128
LH:116
BRDA:82,1,0,99
BRDA:82,1,1,1
BRDA:83,2,0,0
BRDA:83,2,1,99
BRDA:100,3,0,1
BRDA:100,3,1,31
BRDA:105,4,0,4
BRDA:105,4,1,197
BRDA:110,5,0,1
BRDA:110,5,1,15
BRDA:121,6,0,233
BRDA:121,6,1,0
BRDA:122,7,0,0
BRDA:122,7,1,233
BRDA:124,8,0,99
BRDA:124,8,1,134
BRDA:125,9,0,99
BRDA:125,9,1,35
BRDA:126,10,0,0
BRDA:126,10,1,35
BRDA:127,11,0,0
BRDA:127,11,1,35
BRDA:128,12,0,35
BRDA:128,12,1,0
BRDA:129,13,0,0
BRDA:129,13,1,0
BRDA:137,14,0,103
BRDA:137,14,1,2
BRDA:138,15,0,2
BRDA:138,15,1,101
BRDA:147,16,0,0
BRDA:147,16,1,0
BRDA:149,17,0,0
BRDA:149,17,1,0
BRDA:150,18,0,0
BRDA:150,18,1,0
BRDA:151,19,0,0
BRDA:151,19,1,0
BRDA:152,20,0,0
BRDA:152,20,1,0
BRDA:153,21,0,0
BRDA:153,21,1,0
BRDA:154,22,0,0
BRDA:154,22,1,0
BRDA:162,23,0,8
BRDA:162,23,1,0
BRDA:163,24,0,0
BRDA:163,24,1,8
BRDA:172,25,0,8
BRDA:172,25,1,0
BRDA:177,26,0,2
BRDA:177,26,1,4
BRDA:182,27,0,145
BRDA:182,27,1,1
BRDA:184,28,0,4
BRDA:184,28,1,141
BRDA:194,29,0,0
BRDA:194,29,1,18
BRDA:196,30,0,0
BRDA:196,30,1,0
BRDA:200,31,0,15
BRDA:200,31,1,1
BRDA:205,32,0,10
BRDA:205,32,1,5
BRDA:210,33,0,5
BRDA:210,33,1,5
BRDA:239,34,0,21
BRDA:239,34,1,0
BRDA:240,35,0,1
BRDA:240,35,1,20
BRDA:241,36,0,2
BRDA:241,36,1,18
BRDA:241,37,0,2
BRDA:241,37,1,0
BRDA:242,38,0,18
BRDA:242,38,1,0
BRDA:246,39,0,0
BRDA:246,39,1,0
BRDA:249,40,0,0
BRDA:249,40,1,0
BRDA:268,41,0,10
BRDA:268,41,1,1
BRDA:269,42,0,0
BRDA:269,42,1,10
BRDA:270,43,0,0
BRDA:270,43,1,10
BRDA:270,44,0,0
BRDA:270,44,1,0
BRDA:272,45,0,10
BRDA:272,45,1,0
BRDA:278,46,0,0
BRDA:278,46,1,0
BRDA:285,47,0,10
BRDA:285,47,1,0
BRDA:295,48,0,18
BRDA:295,48,1,1
BRDA:296,49,0,6
BRDA:296,49,1,12
BRDA:313,50,0,0
BRDA:313,50,1,1
BRDA:318,51,0,34
BRDA:318,51,1,1
BRDA:333,52,0,10
BRDA:333,52,1,5
BRDA:349,53,0,10
BRDA:349,53,1,5
BRDA:364,54,0,5
BRDA:364,54,1,1
BRDA:372,55,0,1
BRDA:372,55,1,1
BRDA:374,56,0,0
BRDA:374,56,1,0
BRF:112
BRH:66
end_of_record
TN:
SF:/Users/demis/Documents/GitHub/ender-v1/contracts/ERC20/EndToken.sol
FN:68,initialize
FN:92,decimals
FN:96,setBond
FN:102,setFee
FN:110,setExclude
FN:122,setTreasury
FN:130,setAdmin
FN:137,getMintedEnd
FN:178,mint
FN:185,mintAndVest
FN:198,_transfer
FN:218,distributeRefractionFees
FNF:12
FNH:7
FNDA:99,initialize
FNDA:0,decimals
FNDA:99,setBond
FNDA:222,setFee
FNDA:297,setExclude
FNDA:0,setTreasury
FNDA:0,setAdmin
FNDA:0,getMintedEnd
FNDA:75,mint
FNDA:0,mintAndVest
FNDA:86,_transfer
FNDA:189,distributeRefractionFees
DA:69,99
DA:71,99
DA:72,99
DA:74,99
DA:75,99
DA:76,99
DA:77,99
DA:78,99
DA:79,99
DA:80,99
DA:81,99
DA:85,99
DA:93,0
DA:97,99
DA:98,99
DA:99,99
DA:103,222
DA:105,222
DA:107,222
DA:111,297
DA:113,297
DA:114,297
DA:123,0
DA:125,0
DA:126,0
DA:127,0
DA:131,0
DA:132,0
DA:138,0
DA:139,0
DA:140,0
DA:141,0
DA:142,0
DA:144,0
DA:146,0
DA:147,0
DA:148,0
DA:149,0
DA:151,0
DA:153,0
DA:154,0
DA:156,0
DA:158,0
DA:159,0
DA:161,0
DA:163,0
DA:164,0
DA:167,0
DA:168,0
DA:179,75
DA:181,75
DA:186,0
DA:187,0
DA:188,0
DA:189,0
DA:190,0
DA:191,0
DA:192,0
DA:194,0
DA:195,0
DA:199,86
DA:200,55
DA:202,31
DA:203,31
DA:205,31
DA:206,31
DA:207,31
DA:210,31
DA:213,31
DA:220,189
DA:221,189
DA:222,22
DA:224,22
DA:225,22
DA:226,22
DA:228,22
DA:230,189
LF:77
LH:40
BRDA:68,1,0,99
BRDA:68,1,1,0
BRDA:96,2,0,99
BRDA:96,2,1,0
BRDA:97,3,0,0
BRDA:97,3,1,99
BRDA:102,4,0,222
BRDA:102,4,1,0
BRDA:103,5,0,0
BRDA:103,5,1,222
BRDA:110,6,0,297
BRDA:110,6,1,0
BRDA:111,7,0,0
BRDA:111,7,1,297
BRDA:122,8,0,0
BRDA:122,8,1,0
BRDA:123,9,0,0
BRDA:123,9,1,0
BRDA:130,10,0,0
BRDA:130,10,1,0
BRDA:131,11,0,0
BRDA:131,11,1,0
BRDA:146,12,0,0
BRDA:146,12,1,0
BRDA:151,13,0,0
BRDA:151,13,1,0
BRDA:156,14,0,0
BRDA:156,14,1,0
BRDA:161,15,0,0
BRDA:161,15,1,0
BRDA:167,16,0,0
BRDA:167,16,1,0
BRDA:179,17,0,0
BRDA:179,17,1,75
BRDA:187,18,0,0
BRDA:187,18,1,0
BRDA:191,19,0,0
BRDA:191,19,1,0
BRDA:199,20,0,55
BRDA:199,20,1,31
BRDA:199,21,0,39
BRDA:199,21,1,16
BRDA:205,22,0,31
BRDA:205,22,1,0
BRDA:218,23,0,189
BRDA:218,23,1,0
BRDA:221,24,0,22
BRDA:221,24,1,167
BRF:48
BRH:16
end_of_record
TN:
SF:/Users/demis/Documents/GitHub/ender-v1/contracts/ERC20/mockStEth.sol
FN:121,name
FN:129,symbol
FN:136,decimals
FN:146,totalSupply
FN:155,getTotalPooledEther
FN:165,balanceOf
FN:184,transfer
FN:195,allowance
FN:211,approve
FN:236,transferFrom
FN:254,increaseAllowance
FN:272,decreaseAllowance
FN:285,getTotalShares
FN:292,sharesOf
FN:299,getSharesByPooledEth
FN:308,getPooledEthByShares
FN:329,transferShares
FN:352,transferSharesFrom
FN:367,_getTotalPooledEther
FN:376,_transfer
FN:394,_approve
FN:410,_spendAllowance
FN:421,_getTotalShares
FN:428,_sharesOf
FN:442,_transferShares
FN:466,_mintShares
FN:492,_burnShares
FN:521,_emitTransferEvents
FN:529,_emitTransferAfterMintingShares
FN:536,_mintInitialShares
FN:541,getStorageUint256
FN:545,setStorageUint256
FN:549,submit
FNF:33
FNH:17
FNDA:0,name
FNDA:1,symbol
FNDA:0,decimals
FNDA:0,totalSupply
FNDA:0,getTotalPooledEther
FNDA:501,balanceOf
FNDA:47,transfer
FNDA:0,allowance
FNDA:84,approve
FNDA:171,transferFrom
FNDA:0,increaseAllowance
FNDA:0,decreaseAllowance
FNDA:0,getTotalShares
FNDA:0,sharesOf
FNDA:320,getSharesByPooledEth
FNDA:503,getPooledEthByShares
FNDA:0,transferShares
FNDA:0,transferSharesFrom
FNDA:823,_getTotalPooledEther
FNDA:217,_transfer
FNDA:254,_approve
FNDA:171,_spendAllowance
FNDA:912,_getTotalShares
FNDA:501,_sharesOf
FNDA:217,_transferShares
FNDA:89,_mintShares
FNDA:0,_burnShares
FNDA:217,_emitTransferEvents
FNDA:0,_emitTransferAfterMintingShares
FNDA:0,_mintInitialShares
FNDA:0,getStorageUint256
FNDA:0,setStorageUint256
FNDA:89,submit
DA:122,0
DA:130,1
DA:137,0
DA:147,0
DA:156,0
DA:166,501
DA:185,47
DA:186,47
DA:196,0
DA:212,84
DA:213,84
DA:237,171
DA:238,170
DA:239,170
DA:255,0
DA:256,0
DA:273,0
DA:274,0
DA:275,0
DA:276,0
DA:286,0
DA:293,0
DA:300,320
DA:309,503
DA:330,0
DA:331,0
DA:332,0
DA:333,0
DA:355,0
DA:356,0
DA:357,0
DA:358,0
DA:359,0
DA:368,823
DA:377,217
DA:378,217
DA:379,217
DA:395,254
DA:396,254
DA:398,254
DA:399,254
DA:411,171
DA:412,171
DA:413,171
DA:414,170
DA:422,912
DA:429,501
DA:443,217
DA:444,217
DA:445,217
DA:448,217
DA:449,217
DA:451,217
DA:452,217
DA:467,89
DA:469,89
DA:470,89
DA:472,89
DA:493,0
DA:495,0
DA:496,0
DA:498,0
DA:500,0
DA:501,0
DA:503,0
DA:505,0
DA:507,0
DA:522,217
DA:523,217
DA:530,0
DA:537,0
DA:538,0
DA:542,0
DA:546,0
DA:550,89
DA:551,89
DA:552,89
LF:77
LH:41
BRDA:274,1,0,0
BRDA:274,1,1,0
BRDA:395,2,0,254
BRDA:395,2,1,0
BRDA:396,3,0,254
BRDA:396,3,1,0
BRDA:412,4,0,171
BRDA:412,4,1,0
BRDA:413,5,0,170
BRDA:413,5,1,1
BRDA:443,6,0,217
BRDA:443,6,1,0
BRDA:444,7,0,217
BRDA:444,7,1,0
BRDA:445,8,0,217
BRDA:445,8,1,0
BRDA:449,9,0,217
BRDA:449,9,1,0
BRDA:467,10,0,89
BRDA:467,10,1,0
BRDA:493,11,0,0
BRDA:493,11,1,0
BRDA:496,12,0,0
BRDA:496,12,1,0
BRF:24
BRH:10
end_of_record
TN:
SF:/Users/demis/Documents/GitHub/ender-v1/contracts/ERC20/SEndToken.sol
FN:27,initialize
FN:35,setAddress
FN:43,verifyStatus
FN:53,setMinterRole
FN:61,decimals
FN:65,setStatus
FN:70,_transfer
FN:75,burn
FN:79,whitelist
FN:85,mint
FNF:10
FNH:8
FNDA:99,initialize
FNDA:99,setAddress
FNDA:8,verifyStatus
FNDA:0,setMinterRole
FNDA:0,decimals
FNDA:205,setStatus
FNDA:8,_transfer
FNDA:11,burn
FNDA:106,whitelist
FNDA:22,mint
DA:28,99
DA:29,99
DA:30,99
DA:31,99
DA:32,99
DA:36,99
DA:38,99
DA:40,99
DA:44,8
DA:45,0
DA:47,8
DA:54,0
DA:62,0
DA:66,205
DA:67,205
DA:71,8
DA:72,8
DA:76,11
DA:80,106
DA:81,106
DA:86,22
LF:21
LH:18
BRDA:27,1,0,99
BRDA:27,1,1,0
BRDA:35,2,0,99
BRDA:35,2,1,1
BRDA:36,3,0,0
BRDA:36,3,1,99
BRDA:38,4,0,99
BRDA:38,4,1,0
BRDA:44,5,0,0
BRDA:44,5,1,8
BRDA:46,6,0,8
BRDA:46,6,1,0
BRDA:47,7,0,0
BRDA:47,7,1,8
BRDA:48,8,0,0
BRDA:48,8,1,0
BRDA:53,9,0,0
BRDA:53,9,1,0
BRDA:65,10,0,205
BRDA:65,10,1,0
BRDA:79,11,0,106
BRDA:79,11,1,0
BRF:22
BRH:10
end_of_record
TN:
SF:/Users/demis/Documents/GitHub/ender-v1/contracts/ERC20/StEth.sol
FN:29,_msgSender
FN:33,_msgData
FN:56,constructor
FN:66,onlyOwner
FN:74,owner
FN:81,_checkOwner
FN:94,renounceOwnership
FN:102,transferOwnership
FN:113,_transferOwnership
FN:143,constructor
FN:148,name
FN:152,mint
FN:156,symbol
FN:160,decimals
FN:164,totalSupply
FN:168,balanceOf
FN:172,transfer
FN:177,allowance
FN:181,approve
FN:186,transferFrom
FN:198,increaseAllowance
FN:203,decreaseAllowance
FN:213,_transfer
FN:225,_mint
FN:233,_burn
FN:246,_approve
FN:262,constructor
FN:266,mintShare
FN:288,totalSupply
FN:292,_approve
FN:297,balanceOf
FN:304,_transfer
FNF:32
FNH:11
FNDA:13,_msgSender
FNDA:0,_msgData
FNDA:1,constructor
FNDA:0,onlyOwner
FNDA:0,owner
FNDA:0,_checkOwner
FNDA:0,renounceOwnership
FNDA:0,transferOwnership
FNDA:1,_transferOwnership
FNDA:1,constructor
FNDA:0,name
FNDA:13,mint
FNDA:0,symbol
FNDA:0,decimals
FNDA:0,totalSupply
FNDA:4,balanceOf
FNDA:4,transfer
FNDA:0,allowance
FNDA:9,approve
FNDA:0,transferFrom
FNDA:0,increaseAllowance
FNDA:0,decreaseAllowance
FNDA:4,_transfer
FNDA:13,_mint
FNDA:0,_burn
FNDA:9,_approve
FNDA:0,constructor
FNDA:0,mintShare
FNDA:0,totalSupply
FNDA:0,_approve
FNDA:0,balanceOf
FNDA:0,_transfer
DA:30,13
DA:34,0
DA:35,0
DA:57,1
DA:58,0
DA:60,1
DA:67,0
DA:68,0
DA:75,0
DA:82,0
DA:83,0
DA:95,0
DA:103,0
DA:104,0
DA:106,0
DA:114,1
DA:115,1
DA:116,1
DA:144,1
DA:145,1
DA:149,0
DA:153,13
DA:157,0
DA:161,0
DA:165,0
DA:169,4
DA:173,4
DA:174,4
DA:178,0
DA:182,9
DA:183,9
DA:187,0
DA:189,0
DA:190,0
DA:191,0
DA:192,0
DA:195,0
DA:199,0
DA:200,0
DA:204,0
DA:205,0
DA:206,0
DA:207,0
DA:210,0
DA:214,4
DA:215,4
DA:216,4
DA:217,4
DA:218,4
DA:219,4
DA:221,4
DA:222,4
DA:226,13
DA:228,13
DA:229,13
DA:230,13
DA:234,0
DA:235,0
DA:236,0
DA:237,0
DA:238,0
DA:240,0
DA:243,0
DA:247,9
DA:248,9
DA:250,9
DA:251,9
DA:263,0
DA:267,0
DA:268,0
DA:269,0
DA:271,0
DA:272,0
DA:274,0
DA:275,0
DA:276,0
DA:277,0
DA:279,0
DA:280,0
DA:283,0
DA:284,0
DA:285,0
DA:289,0
DA:293,0
DA:294,0
DA:298,0
DA:299,0
DA:301,0
DA:305,0
DA:306,0
DA:307,0
LF:91
LH:30
BRDA:57,1,0,0
BRDA:57,1,1,1
BRDA:82,2,0,0
BRDA:82,2,1,0
BRDA:94,3,0,0
BRDA:94,3,1,0
BRDA:102,4,0,0
BRDA:102,4,1,0
BRDA:103,5,0,0
BRDA:103,5,1,0
BRDA:190,6,0,0
BRDA:190,6,1,0
BRDA:205,7,0,0
BRDA:205,7,1,0
BRDA:214,8,0,4
BRDA:214,8,1,0
BRDA:215,9,0,4
BRDA:215,9,1,0
BRDA:217,10,0,4
BRDA:217,10,1,0
BRDA:226,11,0,13
BRDA:226,11,1,0
BRDA:234,12,0,0
BRDA:234,12,1,0
BRDA:236,13,0,0
BRDA:236,13,1,0
BRDA:247,14,0,9
BRDA:247,14,1,0
BRDA:248,15,0,9
BRDA:248,15,1,0
BRDA:267,16,0,0
BRDA:267,16,1,0
BRDA:268,17,0,0
BRDA:268,17,1,0
BRDA:271,18,0,0
BRDA:271,18,1,0
BRDA:275,19,0,0
BRDA:275,19,1,0
BRDA:279,20,0,0
BRDA:279,20,1,0
BRDA:298,21,0,0
BRDA:298,21,1,0
BRDA:306,22,0,0
BRDA:306,22,1,0
BRF:44
BRH:7
end_of_record
TN:
SF:/Users/demis/Documents/GitHub/ender-v1/contracts/interfaces/IBondNFT.sol
FNF:0
FNH:0
LF:0
LH:0
BRF:0
BRH:0
end_of_record
TN:
SF:/Users/demis/Documents/GitHub/ender-v1/contracts/interfaces/IEnderBase.sol
FNF:0
FNH:0
LF:0
LH:0
BRF:0
BRH:0
end_of_record
TN:
SF:/Users/demis/Documents/GitHub/ender-v1/contracts/interfaces/IEnderBond.sol
FNF:0
FNH:0
LF:0
LH:0
BRF:0
BRH:0
end_of_record
TN:
SF:/Users/demis/Documents/GitHub/ender-v1/contracts/interfaces/IEnderBondLiquidityDeposit.sol
FNF:0
FNH:0
LF:0
LH:0
BRF:0
BRH:0
end_of_record
TN:
SF:/Users/demis/Documents/GitHub/ender-v1/contracts/interfaces/IEnderOracle.sol
FNF:0
FNH:0
LF:0
LH:0
BRF:0
BRH:0
end_of_record
TN:
SF:/Users/demis/Documents/GitHub/ender-v1/contracts/interfaces/IEnderStaking.sol
FNF:0
FNH:0
LF:0
LH:0
BRF:0
BRH:0
end_of_record
TN:
SF:/Users/demis/Documents/GitHub/ender-v1/contracts/interfaces/IEnderStrategy.sol
FNF:0
FNH:0
LF:0
LH:0
BRF:0
BRH:0
end_of_record
TN:
SF:/Users/demis/Documents/GitHub/ender-v1/contracts/interfaces/IEnderTreasury.sol
FNF:0
FNH:0
LF:0
LH:0
BRF:0
BRH:0
end_of_record
TN:
SF:/Users/demis/Documents/GitHub/ender-v1/contracts/interfaces/IEndToken.sol
FNF:0
FNH:0
LF:0
LH:0
BRF:0
BRH:0
end_of_record
TN:
SF:/Users/demis/Documents/GitHub/ender-v1/contracts/interfaces/IInstadappLite.sol
FNF:0
FNH:0
LF:0
LH:0
BRF:0
BRH:0
end_of_record
TN:
SF:/Users/demis/Documents/GitHub/ender-v1/contracts/interfaces/ILido.sol
FNF:0
FNH:0
LF:0
LH:0
BRF:0
BRH:0
end_of_record
TN:
SF:/Users/demis/Documents/GitHub/ender-v1/contracts/interfaces/ILybraFinance.sol
FNF:0
FNH:0
LF:0
LH:0
BRF:0
BRH:0
end_of_record
TN:
SF:/Users/demis/Documents/GitHub/ender-v1/contracts/interfaces/ISEndToken.sol
FNF:0
FNH:0
LF:0
LH:0
BRF:0
BRH:0
end_of_record
TN:
SF:/Users/demis/Documents/GitHub/ender-v1/contracts/interfaces/ISTETH.sol
FNF:0
FNH:0
LF:0
LH:0
BRF:0
BRH:0
end_of_record
TN:
SF:/Users/demis/Documents/GitHub/ender-v1/contracts/NFT/BondNFT.sol
FN:39,onlyBond
FN:52,initialize
FN:66,mint
FN:74,_transfer
FN:91,setBaseURI
FN:101,setBondContract
FN:110,_baseURI
FNF:7
FNH:6
FNDA:145,onlyBond
FNDA:99,initialize
FNDA:145,mint
FNDA:6,_transfer
FNDA:99,setBaseURI
FNDA:99,setBondContract
FNDA:0,_baseURI
DA:40,145
DA:41,0
DA:43,145
DA:53,99
DA:54,99
DA:56,99
DA:57,99
DA:67,145
DA:68,145
DA:70,145
DA:71,145
DA:75,6
DA:76,6
DA:78,6
DA:92,99
DA:93,99
DA:102,99
DA:104,99
DA:106,99
DA:111,0
LF:20
LH:18
BRDA:40,1,0,0
BRDA:40,1,1,145
BRDA:52,2,0,99
BRDA:52,2,1,0
BRDA:66,3,0,145
BRDA:66,3,1,0
BRDA:75,4,0,6
BRDA:75,4,1,0
BRDA:91,5,0,99
BRDA:91,5,1,0
BRDA:101,6,0,99
BRDA:101,6,1,0
BRDA:102,7,0,0
BRDA:102,7,1,99
BRF:14
BRH:7
end_of_record
TN:
SF:/Users/demis/Documents/GitHub/ender-v1/contracts/oracle/EnderOracle.sol
FN:19,initialize
FN:23,setFeeds
FN:35,getPrice
FNF:3
FNH:1
FNDA:1,initialize
FNDA:0,setFeeds
FNDA:0,getPrice
DA:20,1
DA:24,0
DA:26,0
DA:27,0
DA:28,0
DA:32,0
DA:44,0
DA:45,0
DA:46,0
DA:48,0
DA:49,0
LF:11
LH:1
BRDA:19,1,0,1
BRDA:19,1,1,0
BRDA:23,2,0,0
BRDA:23,2,1,0
BRDA:24,3,0,0
BRDA:24,3,1,0
BRDA:24,4,0,0
BRDA:24,4,1,0
BRDA:44,5,0,0
BRDA:44,5,1,0
BRF:10
BRH:1
end_of_record
TN:
SF:/Users/demis/Documents/GitHub/ender-v1/contracts/OwnedUpgradeabilityProxy.sol
FN:35,constructor
FN:43,maintenance
FN:53,setMaintenance
FN:64,proxyOwner
FN:74,setUpgradeabilityOwner
FN:85,transferProxyOwnership
FN:95,upgradeTo
FN:106,upgradeToAndCall
FN:116,
FN:128,implementation
FN:139,setImplementation
FN:150,_upgradeTo
FN:157,_fallback
FN:179,onlyProxyOwner
FNF:14
FNH:0
FNDA:0,constructor
FNDA:0,maintenance
FNDA:0,setMaintenance
FNDA:0,proxyOwner
FNDA:0,setUpgradeabilityOwner
FNDA:0,transferProxyOwnership
FNDA:0,upgradeTo
FNDA:0,upgradeToAndCall
FNDA:0,
FNDA:0,implementation
FNDA:0,setImplementation
FNDA:0,_upgradeTo
FNDA:0,_fallback
FNDA:0,onlyProxyOwner
DA:36,0
DA:44,0
DA:45,0
DA:54,0
DA:55,0
DA:65,0
DA:66,0
DA:75,0
DA:76,0
DA:86,0
DA:87,0
DA:88,0
DA:96,0
DA:107,0
DA:108,0
DA:109,0
DA:117,0
DA:121,0
DA:129,0
DA:130,0
DA:140,0
DA:141,0
DA:151,0
DA:152,0
DA:153,0
DA:154,0
DA:158,0
DA:159,0
DA:161,0
DA:162,0
DA:163,0
DA:180,0
DA:181,0
LF:33
LH:0
BRDA:53,1,0,0
BRDA:53,1,1,0
BRDA:85,2,0,0
BRDA:85,2,1,0
BRDA:86,3,0,0
BRDA:86,3,1,0
BRDA:95,4,0,0
BRDA:95,4,1,0
BRDA:106,5,0,0
BRDA:106,5,1,0
BRDA:109,6,0,0
BRDA:109,6,1,0
BRDA:152,7,0,0
BRDA:152,7,1,0
BRDA:158,8,0,0
BRDA:158,8,1,0
BRDA:159,9,0,0
BRDA:159,9,1,0
BRDA:162,10,0,0
BRDA:162,10,1,0
BRDA:180,11,0,0
BRDA:180,11,1,0
BRF:22
BRH:0
end_of_record
TN:
SF:/Users/demis/Documents/GitHub/ender-v1/contracts/strategy/BaseStrategy.sol
FN:21,onlyTreasury
FN:34,initialize
FN:46,setAddressBase
FN:55,checkDeposit
FN:59,hasRequest
FNF:5
FNH:0
FNDA:0,onlyTreasury
FNDA:0,initialize
FNDA:0,setAddressBase
FNDA:0,checkDeposit
FNDA:0,hasRequest
DA:22,0
DA:23,0
DA:35,0
DA:37,0
DA:38,0
DA:47,0
DA:49,0
DA:52,0
DA:56,0
DA:60,0
LF:10
LH:0
BRDA:22,1,0,0
BRDA:22,1,1,0
BRDA:34,2,0,0
BRDA:34,2,1,0
BRDA:46,3,0,0
BRDA:46,3,1,0
BRDA:47,4,0,0
BRDA:47,4,1,0
BRDA:49,5,0,0
BRDA:49,5,1,0
BRF:10
BRH:0
end_of_record
TN:
SF:/Users/demis/Documents/GitHub/ender-v1/contracts/strategy/eigenlayer/eigenLayer.sol
FN:17,constructor
FN:21,deposit
FN:26,withdraw
FNF:3
FNH:0
FNDA:0,constructor
FNDA:0,deposit
FNDA:0,withdraw
DA:18,0
DA:22,0
DA:23,0
DA:27,0
DA:28,0
DA:31,0
DA:32,0
DA:33,0
LF:8
LH:0
BRF:0
BRH:0
end_of_record
TN:
SF:/Users/demis/Documents/GitHub/ender-v1/contracts/strategy/eigenlayer/EnderELStrategy.sol
FN:55,getQueueBlock
FN:63,setTokenStrategy
FN:72,deposit
FN:85,withdrawRequest
FN:109,withdrawStEth
FN:156,checkDeposit
FN:163,hasRequest
FNF:7
FNH:0
FNDA:0,getQueueBlock
FNDA:0,setTokenStrategy
FNDA:0,deposit
FNDA:0,withdrawRequest
FNDA:0,withdrawStEth
FNDA:0,checkDeposit
FNDA:0,hasRequest
DA:56,0
DA:64,0
DA:65,0
DA:74,0
DA:77,0
DA:86,0
DA:88,0
DA:89,0
DA:90,0
DA:92,0
DA:93,0
DA:95,0
DA:96,0
DA:99,0
DA:101,0
DA:110,0
DA:112,0
DA:117,0
DA:118,0
DA:120,0
DA:121,0
DA:123,0
DA:132,0
DA:133,0
DA:135,0
DA:136,0
DA:138,0
DA:139,0
DA:141,0
DA:142,0
DA:146,0
DA:148,0
DA:157,0
DA:158,0
DA:160,0
DA:164,0
LF:36
LH:0
BRDA:63,1,0,0
BRDA:63,1,1,0
BRDA:64,2,0,0
BRDA:64,2,1,0
BRDA:72,3,0,0
BRDA:72,3,1,0
BRDA:85,4,0,0
BRDA:85,4,1,0
BRDA:86,5,0,0
BRDA:86,5,1,0
BRDA:109,6,0,0
BRDA:109,6,1,0
BRDA:110,7,0,0
BRDA:110,7,1,0
BRF:14
BRH:0
end_of_record
TN:
SF:/Users/demis/Documents/GitHub/ender-v1/contracts/strategy/instadapp/instadappLite.sol
FN:187,_msgSender
FN:191,_msgData
FN:234,constructor
FN:244,onlyOwner
FN:252,owner
FN:259,_checkOwner
FN:272,renounceOwnership
FN:280,transferOwnership
FN:291,_transferOwnership
FN:458,constructor
FN:466,name
FN:474,symbol
FN:491,decimals
FN:498,totalSupply
FN:505,balanceOf
FN:517,transfer
FN:526,allowance
FN:540,approve
FN:562,transferFrom
FN:579,_transfer
FN:596,_update
FN:634,_mint
FN:649,_burn
FN:671,_approve
FN:692,_approve
FN:713,_spendAllowance
FN:742,constructor
FN:748,deposit
FN:767,withdrawStinstaTokens
FN:780,viewStinstaTokens
FN:789,viewStinstaTokensValue
FNF:31
FNH:17
FNDA:10,_msgSender
FNDA:0,_msgData
FNDA:99,constructor
FNDA:0,onlyOwner
FNDA:0,owner
FNDA:0,_checkOwner
FNDA:0,renounceOwnership
FNDA:0,transferOwnership
FNDA:99,_transferOwnership
FNDA:99,constructor
FNDA:0,name
FNDA:0,symbol
FNDA:0,decimals
FNDA:45,totalSupply
FNDA:107,balanceOf
FNDA:0,transfer
FNDA:0,allowance
FNDA:10,approve
FNDA:0,transferFrom
FNDA:0,_transfer
FNDA:28,_update
FNDA:18,_mint
FNDA:10,_burn
FNDA:10,_approve
FNDA:10,_approve
FNDA:0,_spendAllowance
FNDA:99,constructor
FNDA:18,deposit
FNDA:10,withdrawStinstaTokens
FNDA:25,viewStinstaTokens
FNDA:10,viewStinstaTokensValue
DA:188,10
DA:192,0
DA:235,99
DA:236,0
DA:238,99
DA:245,0
DA:246,0
DA:253,0
DA:260,0
DA:261,0
DA:273,0
DA:281,0
DA:282,0
DA:284,0
DA:292,99
DA:293,99
DA:294,99
DA:459,99
DA:460,99
DA:467,0
DA:475,0
DA:492,0
DA:499,45
DA:506,107
DA:518,0
DA:519,0
DA:520,0
DA:527,0
DA:541,10
DA:542,10
DA:543,10
DA:563,0
DA:564,0
DA:565,0
DA:566,0
DA:580,0
DA:581,0
DA:583,0
DA:584,0
DA:586,0
DA:597,28
DA:599,18
DA:601,10
DA:602,10
DA:603,0
DA:605,10
DA:607,10
DA:611,28
DA:612,10
DA:614,10
DA:617,18
DA:619,18
DA:623,28
DA:635,18
DA:636,0
DA:638,18
DA:650,10
DA:651,0
DA:653,10
DA:672,10
DA:693,10
DA:694,0
DA:696,10
DA:697,0
DA:699,10
DA:700,10
DA:701,10
DA:714,0
DA:715,0
DA:716,0
DA:717,0
DA:719,0
DA:720,0
DA:744,99
DA:750,18
DA:751,18
DA:754,18
DA:757,18
DA:760,18
DA:769,10
DA:772,10
DA:775,10
DA:776,10
DA:777,10
DA:782,25
DA:784,25
DA:786,25
DA:791,10
DA:793,10
DA:794,10
LF:90
LH:52
BRDA:235,1,0,0
BRDA:235,1,1,99
BRDA:260,2,0,0
BRDA:260,2,1,0
BRDA:272,3,0,0
BRDA:272,3,1,0
BRDA:280,4,0,0
BRDA:280,4,1,0
BRDA:281,5,0,0
BRDA:281,5,1,0
BRDA:580,6,0,0
BRDA:580,6,1,0
BRDA:583,7,0,0
BRDA:583,7,1,0
BRDA:597,8,0,18
BRDA:597,8,1,10
BRDA:602,9,0,0
BRDA:602,9,1,10
BRDA:611,10,0,10
BRDA:611,10,1,18
BRDA:635,11,0,0
BRDA:635,11,1,18
BRDA:650,12,0,0
BRDA:650,12,1,10
BRDA:693,13,0,0
BRDA:693,13,1,10
BRDA:696,14,0,0
BRDA:696,14,1,10
BRDA:700,15,0,10
BRDA:700,15,1,0
BRDA:715,16,0,0
BRDA:715,16,1,0
BRDA:716,17,0,0
BRDA:716,17,1,0
BRDA:750,18,0,18
BRDA:750,18,1,0
BRDA:751,19,0,18
BRDA:751,19,1,0
BRDA:754,20,0,18
BRDA:754,20,1,0
BRDA:769,21,0,10
BRDA:769,21,1,0
BRDA:782,22,0,25
BRDA:782,22,1,0
BRDA:791,23,0,10
BRDA:791,23,1,0
BRF:46
BRH:17
end_of_record
TN:
SF:/Users/demis/Documents/GitHub/ender-v1/contracts/strategy/lido/EnderLidoStrategy.sol
FNF:0
FNH:0
LF:0
LH:0
BRF:0
BRH:0
end_of_record
TN:
SF:/Users/demis/Documents/GitHub/ender-v1/contracts/strategy/lido/ISTETH.sol
FNF:0
FNH:0
LF:0
LH:0
BRF:0
BRH:0
end_of_record
TN:
SF:/Users/demis/Documents/GitHub/ender-v1/contracts/strategy/lido/lidoStEth.sol
FN:12,constructor
FN:16,submit
FN:20,withdraw
FNF:3
FNH:0
FNDA:0,constructor
FNDA:0,submit
FNDA:0,withdraw
DA:13,0
DA:17,0
DA:21,0
DA:22,0
LF:4
LH:0
BRDA:22,1,0,0
BRDA:22,1,1,0
BRF:2
BRH:0
end_of_record
TN:
SF:/Users/demis/Documents/GitHub/ender-v1/contracts/strategy/lybraFinance/lybra.sol
FN:17,constructor
FN:21,depositAssetToMint
FN:26,withdraw
FNF:3
FNH:0
FNDA:0,constructor
FNDA:0,depositAssetToMint
FNDA:0,withdraw
DA:18,0
DA:22,0
DA:23,0
DA:27,0
DA:28,0
DA:31,0
DA:32,0
DA:33,0
LF:8
LH:0
BRF:0
BRH:0
end_of_record
